2013-08-08 18:50:27: Backup: init
2013-08-08 18:50:27: adding new snapshot: 1375987697
2013-08-08 18:50:28: table: phiev_commentmeta segment: 1/1
2013-08-08 18:50:28: table: phiev_comments segment: 1/1
2013-08-08 18:50:29: table: phiev_links segment: 1/1
2013-08-08 18:50:29: table: phiev_options segment: 1/1
2013-08-08 18:50:30: table: phiev_postmeta segment: 1/1
2013-08-08 18:50:30: table: phiev_posts segment: 1/1
2013-08-08 18:50:30: table: phiev_term_relationships segment: 1/1
2013-08-08 18:50:31: table: phiev_term_taxonomy segment: 1/1
2013-08-08 18:50:31: table: phiev_terms segment: 1/1
2013-08-08 18:50:32: table: phiev_usermeta segment: 1/1
2013-08-08 18:50:32: table: phiev_users segment: 1/1
2013-08-08 18:50:33: file: section: plugins
2013-08-08 18:50:33: file: wp-content/plugins/index.php
2013-08-08 18:50:33: file: section: plugins/akismet
2013-08-08 18:50:33: file: wp-content/plugins/akismet/admin.php
2013-08-08 18:50:33: file: wp-content/plugins/akismet/akismet.css
2013-08-08 18:50:33: file: wp-content/plugins/akismet/akismet.gif
2013-08-08 18:50:33: file: wp-content/plugins/akismet/akismet.js
2013-08-08 18:50:33: file: wp-content/plugins/akismet/akismet.php
2013-08-08 18:50:33: file: wp-content/plugins/akismet/index.php
2013-08-08 18:50:33: file: wp-content/plugins/akismet/legacy.php
2013-08-08 18:50:33: file: wp-content/plugins/akismet/readme.txt
2013-08-08 18:50:33: file: wp-content/plugins/akismet/widget.php
2013-08-08 18:50:33: file: wp-content/plugins/akismet/img/logo.png
2013-08-08 18:50:33: file: wp-content/plugins/akismet/img/logo@2x.png
2013-08-08 18:50:34: file: section: plugins/snapshot
2013-08-08 18:50:35: file: wp-content/plugins/snapshot/changelog.txt
2013-08-08 18:50:35: file: wp-content/plugins/snapshot/license.txt
2013-08-08 18:50:35: file: wp-content/plugins/snapshot/snapshot.php
2013-08-08 18:50:35: file: wp-content/plugins/snapshot/uninstall.php
2013-08-08 18:50:35: file: wp-content/plugins/snapshot/css/snapshots-admin-styles.css
2013-08-08 18:50:35: file: wp-content/plugins/snapshot/images/icon/greyscale-16.png
2013-08-08 18:50:35: file: wp-content/plugins/snapshot/images/icon/greyscale-24.png
2013-08-08 18:50:35: file: wp-content/plugins/snapshot/images/icon/greyscale-36.png
2013-08-08 18:50:35: file: wp-content/plugins/snapshot/images/icon/greyscale-48.png
2013-08-08 18:50:35: file: wp-content/plugins/snapshot/images/icon/red-16.png
2013-08-08 18:50:35: file: wp-content/plugins/snapshot/images/icon/red-24.png
2013-08-08 18:50:35: file: wp-content/plugins/snapshot/images/icon/red-36.png
2013-08-08 18:50:35: file: wp-content/plugins/snapshot/images/icon/red-48.png
2013-08-08 18:50:35: file: wp-content/plugins/snapshot/js/snapshot-admin.js
2013-08-08 18:50:35: file: wp-content/plugins/snapshot/languages/snapshot-default.mo
2013-08-08 18:50:35: file: wp-content/plugins/snapshot/languages/snapshot-default.po
2013-08-08 18:50:35: file: wp-content/plugins/snapshot/languages/snapshot.pot
2013-08-08 18:50:35: file: wp-content/plugins/snapshot/lib/class_database_tools.php
2013-08-08 18:50:35: file: wp-content/plugins/snapshot/lib/class_snapshot_archives_table.php
2013-08-08 18:50:35: file: wp-content/plugins/snapshot/lib/class_snapshot_items_table.php
2013-08-08 18:50:35: file: wp-content/plugins/snapshot/lib/snapshot_admin_destinations_lib.php
2013-08-08 18:50:35: file: wp-content/plugins/snapshot/lib/snapshot_admin_metaboxes.php
2013-08-08 18:50:35: file: wp-content/plugins/snapshot/lib/snapshot_admin_panels.php
2013-08-08 18:50:35: file: wp-content/plugins/snapshot/lib/snapshot_admin_scheduling_forms.php
2013-08-08 18:50:35: file: wp-content/plugins/snapshot/lib/snapshot_locker_class.php
2013-08-08 18:50:35: file: wp-content/plugins/snapshot/lib/snapshot_logger_class.php
2013-08-08 18:50:35: file: wp-content/plugins/snapshot/lib/snapshot_utilities.php
2013-08-08 18:50:35: file: wp-content/plugins/snapshot/lib/dash-notices/wpmudev-dash-notification.php
2013-08-08 18:50:35: file: wp-content/plugins/snapshot/lib/destinations/aws/index.php
2013-08-08 18:50:35: file: wp-content/plugins/snapshot/lib/destinations/aws/AWSSDKforPHP/composer.json
2013-08-08 18:50:35: file: wp-content/plugins/snapshot/lib/destinations/aws/AWSSDKforPHP/config.inc.php
2013-08-08 18:50:35: file: wp-content/plugins/snapshot/lib/destinations/aws/AWSSDKforPHP/sdk.class.php
2013-08-08 18:50:35: file: wp-content/plugins/snapshot/lib/destinations/aws/AWSSDKforPHP/authentication/signable.interface.php
2013-08-08 18:50:35: file: wp-content/plugins/snapshot/lib/destinations/aws/AWSSDKforPHP/authentication/signature_v2query.class.php
2013-08-08 18:50:35: file: wp-content/plugins/snapshot/lib/destinations/aws/AWSSDKforPHP/authentication/signature_v3json.class.php
2013-08-08 18:50:35: file: wp-content/plugins/snapshot/lib/destinations/aws/AWSSDKforPHP/authentication/signature_v3query.class.php
2013-08-08 18:50:35: file: wp-content/plugins/snapshot/lib/destinations/aws/AWSSDKforPHP/authentication/signature_v4json.class.php
2013-08-08 18:50:35: file: wp-content/plugins/snapshot/lib/destinations/aws/AWSSDKforPHP/authentication/signature_v4query.class.php
2013-08-08 18:50:35: file: wp-content/plugins/snapshot/lib/destinations/aws/AWSSDKforPHP/authentication/signer.abstract.php
2013-08-08 18:50:35: file: wp-content/plugins/snapshot/lib/destinations/aws/AWSSDKforPHP/extensions/dynamodbsessionhandler.class.php
2013-08-08 18:50:35: file: wp-content/plugins/snapshot/lib/destinations/aws/AWSSDKforPHP/extensions/s3browserupload.class.php
2013-08-08 18:50:35: file: wp-content/plugins/snapshot/lib/destinations/aws/AWSSDKforPHP/extensions/s3streamwrapper.class.php
2013-08-08 18:50:35: file: wp-content/plugins/snapshot/lib/destinations/aws/AWSSDKforPHP/lib/cachecore/LICENSE
2013-08-08 18:50:35: file: wp-content/plugins/snapshot/lib/destinations/aws/AWSSDKforPHP/lib/cachecore/README
2013-08-08 18:50:35: file: wp-content/plugins/snapshot/lib/destinations/aws/AWSSDKforPHP/lib/cachecore/cacheapc.class.php
2013-08-08 18:50:35: file: wp-content/plugins/snapshot/lib/destinations/aws/AWSSDKforPHP/lib/cachecore/cachecore.class.php
2013-08-08 18:50:35: file: wp-content/plugins/snapshot/lib/destinations/aws/AWSSDKforPHP/lib/cachecore/cachefile.class.php
2013-08-08 18:50:35: file: wp-content/plugins/snapshot/lib/destinations/aws/AWSSDKforPHP/lib/cachecore/cachemc.class.php
2013-08-08 18:50:35: file: wp-content/plugins/snapshot/lib/destinations/aws/AWSSDKforPHP/lib/cachecore/cachepdo.class.php
2013-08-08 18:50:35: file: wp-content/plugins/snapshot/lib/destinations/aws/AWSSDKforPHP/lib/cachecore/cachexcache.class.php
2013-08-08 18:50:35: file: wp-content/plugins/snapshot/lib/destinations/aws/AWSSDKforPHP/lib/cachecore/icachecore.interface.php
2013-08-08 18:50:35: file: wp-content/plugins/snapshot/lib/destinations/aws/AWSSDKforPHP/lib/cachecore/_sql/README
2013-08-08 18:50:35: file: wp-content/plugins/snapshot/lib/destinations/aws/AWSSDKforPHP/lib/cachecore/_sql/mysql.sql
2013-08-08 18:50:35: file: wp-content/plugins/snapshot/lib/destinations/aws/AWSSDKforPHP/lib/cachecore/_sql/pgsql.sql
2013-08-08 18:50:35: file: wp-content/plugins/snapshot/lib/destinations/aws/AWSSDKforPHP/lib/cachecore/_sql/sqlite3.sql
2013-08-08 18:50:35: file: wp-content/plugins/snapshot/lib/destinations/aws/AWSSDKforPHP/lib/cachecore/_tests/AllTests.php
2013-08-08 18:50:35: file: wp-content/plugins/snapshot/lib/destinations/aws/AWSSDKforPHP/lib/cachecore/_tests/CacheAPC-class_exists.phpt
2013-08-08 18:50:35: file: wp-content/plugins/snapshot/lib/destinations/aws/AWSSDKforPHP/lib/cachecore/_tests/CacheAPC-class_implements.phpt
2013-08-08 18:50:35: file: wp-content/plugins/snapshot/lib/destinations/aws/AWSSDKforPHP/lib/cachecore/_tests/CacheAPC-object_type.phpt
2013-08-08 18:50:35: file: wp-content/plugins/snapshot/lib/destinations/aws/AWSSDKforPHP/lib/cachecore/_tests/CacheCore-class_exists.phpt
2013-08-08 18:50:35: file: wp-content/plugins/snapshot/lib/destinations/aws/AWSSDKforPHP/lib/cachecore/_tests/CacheCore-class_implements.phpt
2013-08-08 18:50:35: file: wp-content/plugins/snapshot/lib/destinations/aws/AWSSDKforPHP/lib/cachecore/_tests/CacheCore-object_type.phpt
2013-08-08 18:50:35: file: wp-content/plugins/snapshot/lib/destinations/aws/AWSSDKforPHP/lib/cachecore/_tests/CacheFile-class_exists.phpt
2013-08-08 18:50:35: file: wp-content/plugins/snapshot/lib/destinations/aws/AWSSDKforPHP/lib/cachecore/_tests/CacheFile-class_implements.phpt
2013-08-08 18:50:35: file: wp-content/plugins/snapshot/lib/destinations/aws/AWSSDKforPHP/lib/cachecore/_tests/CacheFile-object_type.phpt
2013-08-08 18:50:35: file: wp-content/plugins/snapshot/lib/destinations/aws/AWSSDKforPHP/lib/cachecore/_tests/CacheMC-class_exists.phpt
2013-08-08 18:50:35: file: wp-content/plugins/snapshot/lib/destinations/aws/AWSSDKforPHP/lib/cachecore/_tests/CacheMC-class_implements.phpt
2013-08-08 18:50:35: file: wp-content/plugins/snapshot/lib/destinations/aws/AWSSDKforPHP/lib/cachecore/_tests/CacheMC-object_type.phpt
2013-08-08 18:50:35: file: wp-content/plugins/snapshot/lib/destinations/aws/AWSSDKforPHP/lib/cachecore/_tests/CachePDO-class_exists.phpt
2013-08-08 18:50:35: file: wp-content/plugins/snapshot/lib/destinations/aws/AWSSDKforPHP/lib/cachecore/_tests/CachePDO-sqlite_class_implements.phpt
2013-08-08 18:50:35: file: wp-content/plugins/snapshot/lib/destinations/aws/AWSSDKforPHP/lib/cachecore/_tests/CachePDO-sqlite_object_type.phpt
2013-08-08 18:50:35: file: wp-content/plugins/snapshot/lib/destinations/aws/AWSSDKforPHP/lib/cachecore/_tests/CacheXCache-class_exists.phpt
2013-08-08 18:50:35: file: wp-content/plugins/snapshot/lib/destinations/aws/AWSSDKforPHP/lib/cachecore/_tests/CacheXCache-class_implements.phpt
2013-08-08 18:50:35: file: wp-content/plugins/snapshot/lib/destinations/aws/AWSSDKforPHP/lib/cachecore/_tests/CacheXCache-object_type.phpt
2013-08-08 18:50:35: file: wp-content/plugins/snapshot/lib/destinations/aws/AWSSDKforPHP/lib/cachecore/_tests/apc_method_create.phpt
2013-08-08 18:50:35: file: wp-content/plugins/snapshot/lib/destinations/aws/AWSSDKforPHP/lib/cachecore/_tests/apc_method_delete.phpt
2013-08-08 18:50:35: file: wp-content/plugins/snapshot/lib/destinations/aws/AWSSDKforPHP/lib/cachecore/_tests/apc_method_delete_false.phpt
2013-08-08 18:50:35: file: wp-content/plugins/snapshot/lib/destinations/aws/AWSSDKforPHP/lib/cachecore/_tests/apc_method_delete_update.phpt
2013-08-08 18:50:35: file: wp-content/plugins/snapshot/lib/destinations/aws/AWSSDKforPHP/lib/cachecore/_tests/apc_method_is_expired.phpt
2013-08-08 18:50:35: file: wp-content/plugins/snapshot/lib/destinations/aws/AWSSDKforPHP/lib/cachecore/_tests/apc_method_read.phpt
2013-08-08 18:50:35: file: wp-content/plugins/snapshot/lib/destinations/aws/AWSSDKforPHP/lib/cachecore/_tests/apc_method_reset.phpt
2013-08-08 18:50:35: file: wp-content/plugins/snapshot/lib/destinations/aws/AWSSDKforPHP/lib/cachecore/_tests/apc_method_response_manager.phpt
2013-08-08 18:50:35: file: wp-content/plugins/snapshot/lib/destinations/aws/AWSSDKforPHP/lib/cachecore/_tests/apc_method_response_manager_reset.phpt
2013-08-08 18:50:35: file: wp-content/plugins/snapshot/lib/destinations/aws/AWSSDKforPHP/lib/cachecore/_tests/apc_method_timestamp.phpt
2013-08-08 18:50:35: file: wp-content/plugins/snapshot/lib/destinations/aws/AWSSDKforPHP/lib/cachecore/_tests/apc_method_update.phpt
2013-08-08 18:50:35: file: wp-content/plugins/snapshot/lib/destinations/aws/AWSSDKforPHP/lib/cachecore/_tests/apc_method_update_read.phpt
2013-08-08 18:50:35: file: wp-content/plugins/snapshot/lib/destinations/aws/AWSSDKforPHP/lib/cachecore/_tests/apc_prop_expires.phpt
2013-08-08 18:50:35: file: wp-content/plugins/snapshot/lib/destinations/aws/AWSSDKforPHP/lib/cachecore/_tests/apc_prop_id.phpt
2013-08-08 18:50:35: file: wp-content/plugins/snapshot/lib/destinations/aws/AWSSDKforPHP/lib/cachecore/_tests/apc_prop_location.phpt
2013-08-08 18:50:35: file: wp-content/plugins/snapshot/lib/destinations/aws/AWSSDKforPHP/lib/cachecore/_tests/apc_prop_name.phpt
2013-08-08 18:50:35: file: wp-content/plugins/snapshot/lib/destinations/aws/AWSSDKforPHP/lib/cachecore/_tests/apc_prop_timestamp.phpt
2013-08-08 18:50:35: file: wp-content/plugins/snapshot/lib/destinations/aws/AWSSDKforPHP/lib/cachecore/_tests/core_prop_expires.phpt
2013-08-08 18:50:35: file: wp-content/plugins/snapshot/lib/destinations/aws/AWSSDKforPHP/lib/cachecore/_tests/core_prop_id.phpt
2013-08-08 18:50:35: file: wp-content/plugins/snapshot/lib/destinations/aws/AWSSDKforPHP/lib/cachecore/_tests/core_prop_location.phpt
2013-08-08 18:50:35: file: wp-content/plugins/snapshot/lib/destinations/aws/AWSSDKforPHP/lib/cachecore/_tests/core_prop_name.phpt
2013-08-08 18:50:35: file: wp-content/plugins/snapshot/lib/destinations/aws/AWSSDKforPHP/lib/cachecore/_tests/core_prop_timestamp.phpt
2013-08-08 18:50:35: file: wp-content/plugins/snapshot/lib/destinations/aws/AWSSDKforPHP/lib/cachecore/_tests/file_method_create.phpt
2013-08-08 18:50:35: file: wp-content/plugins/snapshot/lib/destinations/aws/AWSSDKforPHP/lib/cachecore/_tests/file_method_create_fail.phpt
2013-08-08 18:50:35: file: wp-content/plugins/snapshot/lib/destinations/aws/AWSSDKforPHP/lib/cachecore/_tests/file_method_delete.phpt
2013-08-08 18:50:35: file: wp-content/plugins/snapshot/lib/destinations/aws/AWSSDKforPHP/lib/cachecore/_tests/file_method_delete_false.phpt
2013-08-08 18:50:35: file: wp-content/plugins/snapshot/lib/destinations/aws/AWSSDKforPHP/lib/cachecore/_tests/file_method_delete_update.phpt
2013-08-08 18:50:35: file: wp-content/plugins/snapshot/lib/destinations/aws/AWSSDKforPHP/lib/cachecore/_tests/file_method_is_expired.phpt
2013-08-08 18:50:35: file: wp-content/plugins/snapshot/lib/destinations/aws/AWSSDKforPHP/lib/cachecore/_tests/file_method_read.phpt
2013-08-08 18:50:35: file: wp-content/plugins/snapshot/lib/destinations/aws/AWSSDKforPHP/lib/cachecore/_tests/file_method_reset.phpt
2013-08-08 18:50:35: file: wp-content/plugins/snapshot/lib/destinations/aws/AWSSDKforPHP/lib/cachecore/_tests/file_method_reset_fail.phpt
2013-08-08 18:50:35: file: wp-content/plugins/snapshot/lib/destinations/aws/AWSSDKforPHP/lib/cachecore/_tests/file_method_response_manager.phpt
2013-08-08 18:50:35: file: wp-content/plugins/snapshot/lib/destinations/aws/AWSSDKforPHP/lib/cachecore/_tests/file_method_response_manager_no_params.phpt
2013-08-08 18:50:35: file: wp-content/plugins/snapshot/lib/destinations/aws/AWSSDKforPHP/lib/cachecore/_tests/file_method_response_manager_reset.phpt
2013-08-08 18:50:35: file: wp-content/plugins/snapshot/lib/destinations/aws/AWSSDKforPHP/lib/cachecore/_tests/file_method_timestamp.phpt
2013-08-08 18:50:35: file: wp-content/plugins/snapshot/lib/destinations/aws/AWSSDKforPHP/lib/cachecore/_tests/file_method_timestamp_nocreate.phpt
2013-08-08 18:50:35: file: wp-content/plugins/snapshot/lib/destinations/aws/AWSSDKforPHP/lib/cachecore/_tests/file_method_update.phpt
2013-08-08 18:50:35: file: wp-content/plugins/snapshot/lib/destinations/aws/AWSSDKforPHP/lib/cachecore/_tests/file_method_update_read.phpt
2013-08-08 18:50:35: file: wp-content/plugins/snapshot/lib/destinations/aws/AWSSDKforPHP/lib/cachecore/_tests/file_prop_expires.phpt
2013-08-08 18:50:35: file: wp-content/plugins/snapshot/lib/destinations/aws/AWSSDKforPHP/lib/cachecore/_tests/file_prop_id.phpt
2013-08-08 18:50:35: file: wp-content/plugins/snapshot/lib/destinations/aws/AWSSDKforPHP/lib/cachecore/_tests/file_prop_location.phpt
2013-08-08 18:50:35: file: wp-content/plugins/snapshot/lib/destinations/aws/AWSSDKforPHP/lib/cachecore/_tests/file_prop_name.phpt
2013-08-08 18:50:35: file: wp-content/plugins/snapshot/lib/destinations/aws/AWSSDKforPHP/lib/cachecore/_tests/file_prop_timestamp.phpt
2013-08-08 18:50:35: file: wp-content/plugins/snapshot/lib/destinations/aws/AWSSDKforPHP/lib/cachecore/_tests/memcached_method_create.phpt
2013-08-08 18:50:35: file: wp-content/plugins/snapshot/lib/destinations/aws/AWSSDKforPHP/lib/cachecore/_tests/memcached_method_delete.phpt
2013-08-08 18:50:35: file: wp-content/plugins/snapshot/lib/destinations/aws/AWSSDKforPHP/lib/cachecore/_tests/memcached_method_delete_false.phpt
2013-08-08 18:50:35: file: wp-content/plugins/snapshot/lib/destinations/aws/AWSSDKforPHP/lib/cachecore/_tests/memcached_method_delete_update.phpt
2013-08-08 18:50:35: file: wp-content/plugins/snapshot/lib/destinations/aws/AWSSDKforPHP/lib/cachecore/_tests/memcached_method_is_expired.phpt
2013-08-08 18:50:35: file: wp-content/plugins/snapshot/lib/destinations/aws/AWSSDKforPHP/lib/cachecore/_tests/memcached_method_read.phpt
2013-08-08 18:50:35: file: wp-content/plugins/snapshot/lib/destinations/aws/AWSSDKforPHP/lib/cachecore/_tests/memcached_method_read2.phpt
2013-08-08 18:50:35: file: wp-content/plugins/snapshot/lib/destinations/aws/AWSSDKforPHP/lib/cachecore/_tests/memcached_method_reset.phpt
2013-08-08 18:50:35: file: wp-content/plugins/snapshot/lib/destinations/aws/AWSSDKforPHP/lib/cachecore/_tests/memcached_method_response_manager.phpt
2013-08-08 18:50:35: file: wp-content/plugins/snapshot/lib/destinations/aws/AWSSDKforPHP/lib/cachecore/_tests/memcached_method_response_manager_reset.phpt
2013-08-08 18:50:35: file: wp-content/plugins/snapshot/lib/destinations/aws/AWSSDKforPHP/lib/cachecore/_tests/memcached_method_timestamp.phpt
2013-08-08 18:50:35: file: wp-content/plugins/snapshot/lib/destinations/aws/AWSSDKforPHP/lib/cachecore/_tests/memcached_method_timestamp_nocreate.phpt
2013-08-08 18:50:35: file: wp-content/plugins/snapshot/lib/destinations/aws/AWSSDKforPHP/lib/cachecore/_tests/memcached_method_update.phpt
2013-08-08 18:50:35: file: wp-content/plugins/snapshot/lib/destinations/aws/AWSSDKforPHP/lib/cachecore/_tests/memcached_method_update_read.phpt
2013-08-08 18:50:35: file: wp-content/plugins/snapshot/lib/destinations/aws/AWSSDKforPHP/lib/cachecore/_tests/memcached_prop_expires.phpt
2013-08-08 18:50:35: file: wp-content/plugins/snapshot/lib/destinations/aws/AWSSDKforPHP/lib/cachecore/_tests/memcached_prop_id.phpt
2013-08-08 18:50:35: file: wp-content/plugins/snapshot/lib/destinations/aws/AWSSDKforPHP/lib/cachecore/_tests/memcached_prop_location.phpt
2013-08-08 18:50:35: file: wp-content/plugins/snapshot/lib/destinations/aws/AWSSDKforPHP/lib/cachecore/_tests/memcached_prop_name.phpt
2013-08-08 18:50:35: file: wp-content/plugins/snapshot/lib/destinations/aws/AWSSDKforPHP/lib/cachecore/_tests/memcached_prop_timestamp.phpt
2013-08-08 18:50:35: file: wp-content/plugins/snapshot/lib/destinations/aws/AWSSDKforPHP/lib/cachecore/_tests/test_request.txt
2013-08-08 18:50:35: file: wp-content/plugins/snapshot/lib/destinations/aws/AWSSDKforPHP/lib/cachecore/_tests/xcache_method_create.phpt
2013-08-08 18:50:35: file: wp-content/plugins/snapshot/lib/destinations/aws/AWSSDKforPHP/lib/cachecore/_tests/xcache_method_delete.phpt
2013-08-08 18:50:35: file: wp-content/plugins/snapshot/lib/destinations/aws/AWSSDKforPHP/lib/cachecore/_tests/xcache_method_delete_false.phpt
2013-08-08 18:50:35: file: wp-content/plugins/snapshot/lib/destinations/aws/AWSSDKforPHP/lib/cachecore/_tests/xcache_method_delete_update.phpt
2013-08-08 18:50:35: file: wp-content/plugins/snapshot/lib/destinations/aws/AWSSDKforPHP/lib/cachecore/_tests/xcache_method_is_expired.phpt
2013-08-08 18:50:35: file: wp-content/plugins/snapshot/lib/destinations/aws/AWSSDKforPHP/lib/cachecore/_tests/xcache_method_read.phpt
2013-08-08 18:50:35: file: wp-content/plugins/snapshot/lib/destinations/aws/AWSSDKforPHP/lib/cachecore/_tests/xcache_method_reset.phpt
2013-08-08 18:50:35: file: wp-content/plugins/snapshot/lib/destinations/aws/AWSSDKforPHP/lib/cachecore/_tests/xcache_method_response_manager.phpt
2013-08-08 18:50:35: file: wp-content/plugins/snapshot/lib/destinations/aws/AWSSDKforPHP/lib/cachecore/_tests/xcache_method_response_manager_reset.phpt
2013-08-08 18:50:35: file: wp-content/plugins/snapshot/lib/destinations/aws/AWSSDKforPHP/lib/cachecore/_tests/xcache_method_timestamp.phpt
2013-08-08 18:50:35: file: wp-content/plugins/snapshot/lib/destinations/aws/AWSSDKforPHP/lib/cachecore/_tests/xcache_method_timestamp_nocreate.phpt
2013-08-08 18:50:35: file: wp-content/plugins/snapshot/lib/destinations/aws/AWSSDKforPHP/lib/cachecore/_tests/xcache_method_update.phpt
2013-08-08 18:50:35: file: wp-content/plugins/snapshot/lib/destinations/aws/AWSSDKforPHP/lib/cachecore/_tests/xcache_method_update_read.phpt
2013-08-08 18:50:35: file: wp-content/plugins/snapshot/lib/destinations/aws/AWSSDKforPHP/lib/cachecore/_tests/xcache_prop_expires.phpt
2013-08-08 18:50:35: file: wp-content/plugins/snapshot/lib/destinations/aws/AWSSDKforPHP/lib/cachecore/_tests/xcache_prop_id.phpt
2013-08-08 18:50:35: file: wp-content/plugins/snapshot/lib/destinations/aws/AWSSDKforPHP/lib/cachecore/_tests/xcache_prop_location.phpt
2013-08-08 18:50:35: file: wp-content/plugins/snapshot/lib/destinations/aws/AWSSDKforPHP/lib/cachecore/_tests/xcache_prop_name.phpt
2013-08-08 18:50:35: file: wp-content/plugins/snapshot/lib/destinations/aws/AWSSDKforPHP/lib/cachecore/_tests/xcache_prop_timestamp.phpt
2013-08-08 18:50:35: file: wp-content/plugins/snapshot/lib/destinations/aws/AWSSDKforPHP/lib/cachecore/_tests/cache/sqlite.db
2013-08-08 18:50:35: file: wp-content/plugins/snapshot/lib/destinations/aws/AWSSDKforPHP/lib/dom/ArrayToDOMDocument.php
2013-08-08 18:50:35: file: wp-content/plugins/snapshot/lib/destinations/aws/AWSSDKforPHP/lib/dom/Transmogrifier.php
2013-08-08 18:50:35: file: wp-content/plugins/snapshot/lib/destinations/aws/AWSSDKforPHP/lib/dom/_tests/books.phpt
2013-08-08 18:50:35: file: wp-content/plugins/snapshot/lib/destinations/aws/AWSSDKforPHP/lib/dom/_tests/ddb_get.phpt
2013-08-08 18:50:35: file: wp-content/plugins/snapshot/lib/destinations/aws/AWSSDKforPHP/lib/dom/_tests/ddb_scan.phpt
2013-08-08 18:50:35: file: wp-content/plugins/snapshot/lib/destinations/aws/AWSSDKforPHP/lib/dom/_tests/different_root_nodes.phpt
2013-08-08 18:50:35: file: wp-content/plugins/snapshot/lib/destinations/aws/AWSSDKforPHP/lib/dom/_tests/empty_inner.phpt
2013-08-08 18:50:35: file: wp-content/plugins/snapshot/lib/destinations/aws/AWSSDKforPHP/lib/dom/_tests/empty_outer.phpt
2013-08-08 18:50:35: file: wp-content/plugins/snapshot/lib/destinations/aws/AWSSDKforPHP/lib/dom/_tests/indexed.phpt
2013-08-08 18:50:35: file: wp-content/plugins/snapshot/lib/destinations/aws/AWSSDKforPHP/lib/dom/_tests/list_of_hashes.phpt
2013-08-08 18:50:35: file: wp-content/plugins/snapshot/lib/destinations/aws/AWSSDKforPHP/lib/dom/_tests/list_of_hashes2.phpt
2013-08-08 18:50:35: file: wp-content/plugins/snapshot/lib/destinations/aws/AWSSDKforPHP/lib/dom/_tests/list_of_hashes3.phpt
2013-08-08 18:50:35: file: wp-content/plugins/snapshot/lib/destinations/aws/AWSSDKforPHP/lib/dom/_tests/null_bytes.phpt
2013-08-08 18:50:35: file: wp-content/plugins/snapshot/lib/destinations/aws/AWSSDKforPHP/lib/dom/_tests/same_root_nodes.phpt
2013-08-08 18:50:35: file: wp-content/plugins/snapshot/lib/destinations/aws/AWSSDKforPHP/lib/dom/_tests/simple.phpt
2013-08-08 18:50:35: file: wp-content/plugins/snapshot/lib/destinations/aws/AWSSDKforPHP/lib/requestcore/LICENSE
2013-08-08 18:50:35: file: wp-content/plugins/snapshot/lib/destinations/aws/AWSSDKforPHP/lib/requestcore/README.md
2013-08-08 18:50:35: file: wp-content/plugins/snapshot/lib/destinations/aws/AWSSDKforPHP/lib/requestcore/cacert.pem
2013-08-08 18:50:35: file: wp-content/plugins/snapshot/lib/destinations/aws/AWSSDKforPHP/lib/requestcore/requestcore.class.php
2013-08-08 18:50:35: file: wp-content/plugins/snapshot/lib/destinations/aws/AWSSDKforPHP/lib/requestcore/_tests/AllTests.php
2013-08-08 18:50:35: file: wp-content/plugins/snapshot/lib/destinations/aws/AWSSDKforPHP/lib/requestcore/_tests/HTTP_DELETE.phpt
2013-08-08 18:50:35: file: wp-content/plugins/snapshot/lib/destinations/aws/AWSSDKforPHP/lib/requestcore/_tests/HTTP_GET.phpt
2013-08-08 18:50:35: file: wp-content/plugins/snapshot/lib/destinations/aws/AWSSDKforPHP/lib/requestcore/_tests/HTTP_HEAD.phpt
2013-08-08 18:50:35: file: wp-content/plugins/snapshot/lib/destinations/aws/AWSSDKforPHP/lib/requestcore/_tests/HTTP_POST.phpt
2013-08-08 18:50:35: file: wp-content/plugins/snapshot/lib/destinations/aws/AWSSDKforPHP/lib/requestcore/_tests/HTTP_PUT.phpt
2013-08-08 18:50:35: file: wp-content/plugins/snapshot/lib/destinations/aws/AWSSDKforPHP/lib/requestcore/_tests/RequestCore-class_exists.phpt
2013-08-08 18:50:35: file: wp-content/plugins/snapshot/lib/destinations/aws/AWSSDKforPHP/lib/requestcore/_tests/RequestCore-object_type.phpt
2013-08-08 18:50:35: file: wp-content/plugins/snapshot/lib/destinations/aws/AWSSDKforPHP/lib/requestcore/_tests/RequestCore_Exception-class_exists.phpt
2013-08-08 18:50:35: file: wp-content/plugins/snapshot/lib/destinations/aws/AWSSDKforPHP/lib/requestcore/_tests/RequestCore_Exception-get_parent_class.phpt
2013-08-08 18:50:35: file: wp-content/plugins/snapshot/lib/destinations/aws/AWSSDKforPHP/lib/requestcore/_tests/examples.yml
2013-08-08 18:50:35: file: wp-content/plugins/snapshot/lib/destinations/aws/AWSSDKforPHP/lib/requestcore/_tests/method_add_header.phpt
2013-08-08 18:50:35: file: wp-content/plugins/snapshot/lib/destinations/aws/AWSSDKforPHP/lib/requestcore/_tests/method_get_response_body.phpt
2013-08-08 18:50:35: file: wp-content/plugins/snapshot/lib/destinations/aws/AWSSDKforPHP/lib/requestcore/_tests/method_get_response_code.phpt
2013-08-08 18:50:35: file: wp-content/plugins/snapshot/lib/destinations/aws/AWSSDKforPHP/lib/requestcore/_tests/method_get_response_header_content_type.phpt
2013-08-08 18:50:35: file: wp-content/plugins/snapshot/lib/destinations/aws/AWSSDKforPHP/lib/requestcore/_tests/method_get_response_header_info_url.phpt
2013-08-08 18:50:35: file: wp-content/plugins/snapshot/lib/destinations/aws/AWSSDKforPHP/lib/requestcore/_tests/method_process_response.phpt
2013-08-08 18:50:35: file: wp-content/plugins/snapshot/lib/destinations/aws/AWSSDKforPHP/lib/requestcore/_tests/method_remove_header.phpt
2013-08-08 18:50:35: file: wp-content/plugins/snapshot/lib/destinations/aws/AWSSDKforPHP/lib/requestcore/_tests/method_responsecore_isok.phpt
2013-08-08 18:50:35: file: wp-content/plugins/snapshot/lib/destinations/aws/AWSSDKforPHP/lib/requestcore/_tests/method_responsecore_isok_false.phpt
2013-08-08 18:50:35: file: wp-content/plugins/snapshot/lib/destinations/aws/AWSSDKforPHP/lib/requestcore/_tests/method_send_multi_request.phpt
2013-08-08 18:50:35: file: wp-content/plugins/snapshot/lib/destinations/aws/AWSSDKforPHP/lib/requestcore/_tests/method_send_multi_request_failed.phpt
2013-08-08 18:50:35: file: wp-content/plugins/snapshot/lib/destinations/aws/AWSSDKforPHP/lib/requestcore/_tests/method_send_multi_request_failed2.txt
2013-08-08 18:50:35: file: wp-content/plugins/snapshot/lib/destinations/aws/AWSSDKforPHP/lib/requestcore/_tests/method_send_request.phpt
2013-08-08 18:50:35: file: wp-content/plugins/snapshot/lib/destinations/aws/AWSSDKforPHP/lib/requestcore/_tests/method_send_request2.phpt
2013-08-08 18:50:35: file: wp-content/plugins/snapshot/lib/destinations/aws/AWSSDKforPHP/lib/requestcore/_tests/method_send_request2_failed.phpt
2013-08-08 18:50:35: file: wp-content/plugins/snapshot/lib/destinations/aws/AWSSDKforPHP/lib/requestcore/_tests/method_send_request_array.txt
2013-08-08 18:50:35: file: wp-content/plugins/snapshot/lib/destinations/aws/AWSSDKforPHP/lib/requestcore/_tests/method_send_request_failed.phpt
2013-08-08 18:50:35: file: wp-content/plugins/snapshot/lib/destinations/aws/AWSSDKforPHP/lib/requestcore/_tests/method_send_request_head.phpt
2013-08-08 18:50:35: file: wp-content/plugins/snapshot/lib/destinations/aws/AWSSDKforPHP/lib/requestcore/_tests/method_send_request_isok.phpt
2013-08-08 18:50:35: file: wp-content/plugins/snapshot/lib/destinations/aws/AWSSDKforPHP/lib/requestcore/_tests/method_send_request_isok_200.phpt
2013-08-08 18:50:35: file: wp-content/plugins/snapshot/lib/destinations/aws/AWSSDKforPHP/lib/requestcore/_tests/method_send_request_put.phpt
2013-08-08 18:50:35: file: wp-content/plugins/snapshot/lib/destinations/aws/AWSSDKforPHP/lib/requestcore/_tests/method_set_credentials_pass.phpt
2013-08-08 18:50:35: file: wp-content/plugins/snapshot/lib/destinations/aws/AWSSDKforPHP/lib/requestcore/_tests/method_set_credentials_user.phpt
2013-08-08 18:50:35: file: wp-content/plugins/snapshot/lib/destinations/aws/AWSSDKforPHP/lib/requestcore/_tests/method_set_proxy.phpt
2013-08-08 18:50:35: file: wp-content/plugins/snapshot/lib/destinations/aws/AWSSDKforPHP/lib/requestcore/_tests/method_set_request_class.phpt
2013-08-08 18:50:35: file: wp-content/plugins/snapshot/lib/destinations/aws/AWSSDKforPHP/lib/requestcore/_tests/method_set_request_url.phpt
2013-08-08 18:50:35: file: wp-content/plugins/snapshot/lib/destinations/aws/AWSSDKforPHP/lib/requestcore/_tests/method_set_response_class.phpt
2013-08-08 18:50:35: file: wp-content/plugins/snapshot/lib/destinations/aws/AWSSDKforPHP/lib/requestcore/_tests/method_set_useragent.phpt
2013-08-08 18:50:35: file: wp-content/plugins/snapshot/lib/destinations/aws/AWSSDKforPHP/lib/requestcore/_tests/prop_curl_handle.phpt
2013-08-08 18:50:35: file: wp-content/plugins/snapshot/lib/destinations/aws/AWSSDKforPHP/lib/requestcore/_tests/prop_method.phpt
2013-08-08 18:50:35: file: wp-content/plugins/snapshot/lib/destinations/aws/AWSSDKforPHP/lib/requestcore/_tests/prop_method_post.phpt
2013-08-08 18:50:35: file: wp-content/plugins/snapshot/lib/destinations/aws/AWSSDKforPHP/lib/requestcore/_tests/prop_proxy.phpt
2013-08-08 18:50:35: file: wp-content/plugins/snapshot/lib/destinations/aws/AWSSDKforPHP/lib/requestcore/_tests/prop_request_body.phpt
2013-08-08 18:50:35: file: wp-content/plugins/snapshot/lib/destinations/aws/AWSSDKforPHP/lib/requestcore/_tests/prop_request_class.phpt
2013-08-08 18:50:35: file: wp-content/plugins/snapshot/lib/destinations/aws/AWSSDKforPHP/lib/requestcore/_tests/prop_request_headers.phpt
2013-08-08 18:50:35: file: wp-content/plugins/snapshot/lib/destinations/aws/AWSSDKforPHP/lib/requestcore/_tests/prop_request_url.phpt
2013-08-08 18:50:35: file: wp-content/plugins/snapshot/lib/destinations/aws/AWSSDKforPHP/lib/requestcore/_tests/prop_response_body.phpt
2013-08-08 18:50:35: file: wp-content/plugins/snapshot/lib/destinations/aws/AWSSDKforPHP/lib/requestcore/_tests/prop_response_class.phpt
2013-08-08 18:50:35: file: wp-content/plugins/snapshot/lib/destinations/aws/AWSSDKforPHP/lib/requestcore/_tests/prop_response_code.phpt
2013-08-08 18:50:35: file: wp-content/plugins/snapshot/lib/destinations/aws/AWSSDKforPHP/lib/requestcore/_tests/prop_response_info_content_type.phpt
2013-08-08 18:50:35: file: wp-content/plugins/snapshot/lib/destinations/aws/AWSSDKforPHP/lib/requestcore/_tests/prop_response_info_url.phpt
2013-08-08 18:50:35: file: wp-content/plugins/snapshot/lib/destinations/aws/AWSSDKforPHP/lib/requestcore/_tests/prop_responsecore_body.phpt
2013-08-08 18:50:35: file: wp-content/plugins/snapshot/lib/destinations/aws/AWSSDKforPHP/lib/requestcore/_tests/prop_responsecore_header_content_type.phpt
2013-08-08 18:50:35: file: wp-content/plugins/snapshot/lib/destinations/aws/AWSSDKforPHP/lib/requestcore/_tests/prop_responsecore_status.phpt
2013-08-08 18:50:35: file: wp-content/plugins/snapshot/lib/destinations/aws/AWSSDKforPHP/lib/requestcore/_tests/prop_useragent.phpt
2013-08-08 18:50:35: file: wp-content/plugins/snapshot/lib/destinations/aws/AWSSDKforPHP/lib/requestcore/_tests/test_request.txt
2013-08-08 18:50:35: file: wp-content/plugins/snapshot/lib/destinations/aws/AWSSDKforPHP/lib/requestcore/_tests/test_request2.txt
2013-08-08 18:50:35: file: wp-content/plugins/snapshot/lib/destinations/aws/AWSSDKforPHP/lib/yaml/LICENSE
2013-08-08 18:50:35: file: wp-content/plugins/snapshot/lib/destinations/aws/AWSSDKforPHP/lib/yaml/README.markdown
2013-08-08 18:50:35: file: wp-content/plugins/snapshot/lib/destinations/aws/AWSSDKforPHP/lib/yaml/lib/sfYaml.php
2013-08-08 18:50:35: file: wp-content/plugins/snapshot/lib/destinations/aws/AWSSDKforPHP/lib/yaml/lib/sfYamlDumper.php
2013-08-08 18:50:35: file: wp-content/plugins/snapshot/lib/destinations/aws/AWSSDKforPHP/lib/yaml/lib/sfYamlInline.php
2013-08-08 18:50:35: file: wp-content/plugins/snapshot/lib/destinations/aws/AWSSDKforPHP/lib/yaml/lib/sfYamlParser.php
2013-08-08 18:50:35: file: wp-content/plugins/snapshot/lib/destinations/aws/AWSSDKforPHP/services/as.class.php
2013-08-08 18:50:35: file: wp-content/plugins/snapshot/lib/destinations/aws/AWSSDKforPHP/services/cloudformation.class.php
2013-08-08 18:50:35: file: wp-content/plugins/snapshot/lib/destinations/aws/AWSSDKforPHP/services/cloudfront.class.php
2013-08-08 18:50:35: file: wp-content/plugins/snapshot/lib/destinations/aws/AWSSDKforPHP/services/cloudsearch.class.php
2013-08-08 18:50:35: file: wp-content/plugins/snapshot/lib/destinations/aws/AWSSDKforPHP/services/cloudwatch.class.php
2013-08-08 18:50:35: file: wp-content/plugins/snapshot/lib/destinations/aws/AWSSDKforPHP/services/dynamodb.class.php
2013-08-08 18:50:35: file: wp-content/plugins/snapshot/lib/destinations/aws/AWSSDKforPHP/services/ec2.class.php
2013-08-08 18:50:35: file: wp-content/plugins/snapshot/lib/destinations/aws/AWSSDKforPHP/services/elasticache.class.php
2013-08-08 18:50:35: file: wp-content/plugins/snapshot/lib/destinations/aws/AWSSDKforPHP/services/elasticbeanstalk.class.php
2013-08-08 18:50:35: file: wp-content/plugins/snapshot/lib/destinations/aws/AWSSDKforPHP/services/elb.class.php
2013-08-08 18:50:35: file: wp-content/plugins/snapshot/lib/destinations/aws/AWSSDKforPHP/services/emr.class.php
2013-08-08 18:50:35: file: wp-content/plugins/snapshot/lib/destinations/aws/AWSSDKforPHP/services/iam.class.php
2013-08-08 18:50:35: file: wp-content/plugins/snapshot/lib/destinations/aws/AWSSDKforPHP/services/importexport.class.php
2013-08-08 18:50:35: file: wp-content/plugins/snapshot/lib/destinations/aws/AWSSDKforPHP/services/rds.class.php
2013-08-08 18:50:35: file: wp-content/plugins/snapshot/lib/destinations/aws/AWSSDKforPHP/services/s3.class.php
2013-08-08 18:50:35: file: wp-content/plugins/snapshot/lib/destinations/aws/AWSSDKforPHP/services/sdb.class.php
2013-08-08 18:50:35: file: wp-content/plugins/snapshot/lib/destinations/aws/AWSSDKforPHP/services/ses.class.php
2013-08-08 18:50:35: file: wp-content/plugins/snapshot/lib/destinations/aws/AWSSDKforPHP/services/sns.class.php
2013-08-08 18:50:35: file: wp-content/plugins/snapshot/lib/destinations/aws/AWSSDKforPHP/services/sqs.class.php
2013-08-08 18:50:35: file: wp-content/plugins/snapshot/lib/destinations/aws/AWSSDKforPHP/services/storagegateway.class.php
2013-08-08 18:50:35: file: wp-content/plugins/snapshot/lib/destinations/aws/AWSSDKforPHP/services/sts.class.php
2013-08-08 18:50:35: file: wp-content/plugins/snapshot/lib/destinations/aws/AWSSDKforPHP/services/swf.class.php
2013-08-08 18:50:35: file: wp-content/plugins/snapshot/lib/destinations/aws/AWSSDKforPHP/utilities/array.class.php
2013-08-08 18:50:35: file: wp-content/plugins/snapshot/lib/destinations/aws/AWSSDKforPHP/utilities/batchrequest.class.php
2013-08-08 18:50:35: file: wp-content/plugins/snapshot/lib/destinations/aws/AWSSDKforPHP/utilities/complextype.class.php
2013-08-08 18:50:35: file: wp-content/plugins/snapshot/lib/destinations/aws/AWSSDKforPHP/utilities/credential.class.php
2013-08-08 18:50:35: file: wp-content/plugins/snapshot/lib/destinations/aws/AWSSDKforPHP/utilities/credentials.class.php
2013-08-08 18:50:35: file: wp-content/plugins/snapshot/lib/destinations/aws/AWSSDKforPHP/utilities/gzipdecode.class.php
2013-08-08 18:50:35: file: wp-content/plugins/snapshot/lib/destinations/aws/AWSSDKforPHP/utilities/hadoopbase.class.php
2013-08-08 18:50:35: file: wp-content/plugins/snapshot/lib/destinations/aws/AWSSDKforPHP/utilities/hadoopbootstrap.class.php
2013-08-08 18:50:35: file: wp-content/plugins/snapshot/lib/destinations/aws/AWSSDKforPHP/utilities/hadoopstep.class.php
2013-08-08 18:50:35: file: wp-content/plugins/snapshot/lib/destinations/aws/AWSSDKforPHP/utilities/info.class.php
2013-08-08 18:50:35: file: wp-content/plugins/snapshot/lib/destinations/aws/AWSSDKforPHP/utilities/json.class.php
2013-08-08 18:50:35: file: wp-content/plugins/snapshot/lib/destinations/aws/AWSSDKforPHP/utilities/manifest.class.php
2013-08-08 18:50:35: file: wp-content/plugins/snapshot/lib/destinations/aws/AWSSDKforPHP/utilities/mimetypes.class.php
2013-08-08 18:50:35: file: wp-content/plugins/snapshot/lib/destinations/aws/AWSSDKforPHP/utilities/policy.class.php
2013-08-08 18:50:35: file: wp-content/plugins/snapshot/lib/destinations/aws/AWSSDKforPHP/utilities/request.class.php
2013-08-08 18:50:35: file: wp-content/plugins/snapshot/lib/destinations/aws/AWSSDKforPHP/utilities/response.class.php
2013-08-08 18:50:35: file: wp-content/plugins/snapshot/lib/destinations/aws/AWSSDKforPHP/utilities/simplexml.class.php
2013-08-08 18:50:35: file: wp-content/plugins/snapshot/lib/destinations/aws/AWSSDKforPHP/utilities/stacktemplate.class.php
2013-08-08 18:50:35: file: wp-content/plugins/snapshot/lib/destinations/aws/AWSSDKforPHP/utilities/stepconfig.class.php
2013-08-08 18:50:35: file: wp-content/plugins/snapshot/lib/destinations/aws/AWSSDKforPHP/utilities/utilities.class.php
2013-08-08 18:50:35: file: wp-content/plugins/snapshot/lib/destinations/aws/css/snapshot_destination_aws.css
2013-08-08 18:50:35: file: wp-content/plugins/snapshot/lib/destinations/aws/img/snapshot-test-connection-loader.gif
2013-08-08 18:50:35: file: wp-content/plugins/snapshot/lib/destinations/aws/js/snapshot_destination_aws.js
2013-08-08 18:50:35: file: wp-content/plugins/snapshot/lib/destinations/dropbox/index.php
2013-08-08 18:50:35: file: wp-content/plugins/snapshot/lib/destinations/dropbox/css/snapshot_destination_aws.css
2013-08-08 18:50:35: file: wp-content/plugins/snapshot/lib/destinations/dropbox/img/snapshot-test-connection-loader.gif
2013-08-08 18:50:35: file: wp-content/plugins/snapshot/lib/destinations/dropbox/includes/Dropbox/API.php
2013-08-08 18:50:35: file: wp-content/plugins/snapshot/lib/destinations/dropbox/includes/Dropbox/Exception.php
2013-08-08 18:50:35: file: wp-content/plugins/snapshot/lib/destinations/dropbox/includes/Dropbox/OAuth.php
2013-08-08 18:50:35: file: wp-content/plugins/snapshot/lib/destinations/dropbox/includes/Dropbox/autoload.php
2013-08-08 18:50:35: file: wp-content/plugins/snapshot/lib/destinations/dropbox/includes/Dropbox/Exception/Forbidden.php
2013-08-08 18:50:35: file: wp-content/plugins/snapshot/lib/destinations/dropbox/includes/Dropbox/Exception/NotFound.php
2013-08-08 18:50:35: file: wp-content/plugins/snapshot/lib/destinations/dropbox/includes/Dropbox/Exception/OverQuota.php
2013-08-08 18:50:35: file: wp-content/plugins/snapshot/lib/destinations/dropbox/includes/Dropbox/Exception/RequestToken.php
2013-08-08 18:50:35: file: wp-content/plugins/snapshot/lib/destinations/dropbox/includes/Dropbox/OAuth/Curl.php
2013-08-08 18:50:35: file: wp-content/plugins/snapshot/lib/destinations/dropbox/includes/Dropbox/OAuth/PEAR.php
2013-08-08 18:50:35: file: wp-content/plugins/snapshot/lib/destinations/dropbox/includes/Dropbox/OAuth/PHP.php
2013-08-08 18:50:35: file: wp-content/plugins/snapshot/lib/destinations/dropbox/includes/Dropbox/OAuth/Wordpress.php
2013-08-08 18:50:35: file: wp-content/plugins/snapshot/lib/destinations/dropbox/includes/Dropbox/OAuth/Zend.php
2013-08-08 18:50:35: file: wp-content/plugins/snapshot/lib/destinations/dropbox/includes/Dropbox/OAuth/Consumer/Dropbox.php
2013-08-08 18:50:35: file: wp-content/plugins/snapshot/lib/destinations/dropbox/includes/PEAR_Includes/HTTP/OAuth.php
2013-08-08 18:50:35: file: wp-content/plugins/snapshot/lib/destinations/dropbox/includes/PEAR_Includes/HTTP/Request2.php
2013-08-08 18:50:35: file: wp-content/plugins/snapshot/lib/destinations/dropbox/includes/PEAR_Includes/HTTP/OAuth/Consumer.php
2013-08-08 18:50:35: file: wp-content/plugins/snapshot/lib/destinations/dropbox/includes/PEAR_Includes/HTTP/OAuth/Exception.php
2013-08-08 18:50:35: file: wp-content/plugins/snapshot/lib/destinations/dropbox/includes/PEAR_Includes/HTTP/OAuth/Message.php
2013-08-08 18:50:35: file: wp-content/plugins/snapshot/lib/destinations/dropbox/includes/PEAR_Includes/HTTP/OAuth/Signature.php
2013-08-08 18:50:35: file: wp-content/plugins/snapshot/lib/destinations/dropbox/includes/PEAR_Includes/HTTP/OAuth/Consumer/Request.php
2013-08-08 18:50:35: file: wp-content/plugins/snapshot/lib/destinations/dropbox/includes/PEAR_Includes/HTTP/OAuth/Consumer/Response.php
2013-08-08 18:50:35: file: wp-content/plugins/snapshot/lib/destinations/dropbox/includes/PEAR_Includes/HTTP/OAuth/Consumer/Exception/InvalidResponse.php
2013-08-08 18:50:35: file: wp-content/plugins/snapshot/lib/destinations/dropbox/includes/PEAR_Includes/HTTP/OAuth/Exception/NotImplemented.php
2013-08-08 18:50:35: file: wp-content/plugins/snapshot/lib/destinations/dropbox/includes/PEAR_Includes/HTTP/OAuth/Provider/Exception.php
2013-08-08 18:50:35: file: wp-content/plugins/snapshot/lib/destinations/dropbox/includes/PEAR_Includes/HTTP/OAuth/Provider/Request.php
2013-08-08 18:50:35: file: wp-content/plugins/snapshot/lib/destinations/dropbox/includes/PEAR_Includes/HTTP/OAuth/Provider/Response.php
2013-08-08 18:50:35: file: wp-content/plugins/snapshot/lib/destinations/dropbox/includes/PEAR_Includes/HTTP/OAuth/Provider/Exception/InvalidRequest.php
2013-08-08 18:50:35: file: wp-content/plugins/snapshot/lib/destinations/dropbox/includes/PEAR_Includes/HTTP/OAuth/Signature/Common.php
2013-08-08 18:50:35: file: wp-content/plugins/snapshot/lib/destinations/dropbox/includes/PEAR_Includes/HTTP/OAuth/Signature/PLAINTEXT.php
2013-08-08 18:50:35: file: wp-content/plugins/snapshot/lib/destinations/dropbox/includes/PEAR_Includes/HTTP/OAuth/Signature/HMAC/SHA1.php
2013-08-08 18:50:35: file: wp-content/plugins/snapshot/lib/destinations/dropbox/includes/PEAR_Includes/HTTP/OAuth/Signature/RSA/SHA1.php
2013-08-08 18:50:35: file: wp-content/plugins/snapshot/lib/destinations/dropbox/includes/PEAR_Includes/HTTP/OAuth/Store/Data.php
2013-08-08 18:50:35: file: wp-content/plugins/snapshot/lib/destinations/dropbox/includes/PEAR_Includes/HTTP/OAuth/Store/Consumer/CacheLite.php
2013-08-08 18:50:35: file: wp-content/plugins/snapshot/lib/destinations/dropbox/includes/PEAR_Includes/HTTP/OAuth/Store/Consumer/Interface.php
2013-08-08 18:50:35: file: wp-content/plugins/snapshot/lib/destinations/dropbox/includes/PEAR_Includes/HTTP/Request2/Adapter.php
2013-08-08 18:50:35: file: wp-content/plugins/snapshot/lib/destinations/dropbox/includes/PEAR_Includes/HTTP/Request2/CookieJar.php
2013-08-08 18:50:35: file: wp-content/plugins/snapshot/lib/destinations/dropbox/includes/PEAR_Includes/HTTP/Request2/Exception.php
2013-08-08 18:50:35: file: wp-content/plugins/snapshot/lib/destinations/dropbox/includes/PEAR_Includes/HTTP/Request2/MultipartBody.php
2013-08-08 18:50:35: file: wp-content/plugins/snapshot/lib/destinations/dropbox/includes/PEAR_Includes/HTTP/Request2/Response.php
2013-08-08 18:50:35: file: wp-content/plugins/snapshot/lib/destinations/dropbox/includes/PEAR_Includes/HTTP/Request2/Adapter/Curl.php
2013-08-08 18:50:35: file: wp-content/plugins/snapshot/lib/destinations/dropbox/includes/PEAR_Includes/HTTP/Request2/Adapter/Mock.php
2013-08-08 18:50:35: file: wp-content/plugins/snapshot/lib/destinations/dropbox/includes/PEAR_Includes/HTTP/Request2/Adapter/Socket.php
2013-08-08 18:50:35: file: wp-content/plugins/snapshot/lib/destinations/dropbox/includes/PEAR_Includes/HTTP/Request2/Observer/Log.php
2013-08-08 18:50:35: file: wp-content/plugins/snapshot/lib/destinations/dropbox/includes/PEAR_Includes/Net/URL2.php
2013-08-08 18:50:35: file: wp-content/plugins/snapshot/lib/destinations/dropbox/includes/PEAR_Includes/PEAR/Exception.php
2013-08-08 18:50:35: file: wp-content/plugins/snapshot/lib/destinations/ftp/index.php
2013-08-08 18:50:35: file: wp-content/plugins/snapshot/lib/destinations/ftp/css/snapshot_destination_ftp.css
2013-08-08 18:50:35: file: wp-content/plugins/snapshot/lib/destinations/ftp/img/snapshot-test-connection-loader.gif
2013-08-08 18:50:35: file: wp-content/plugins/snapshot/lib/destinations/ftp/js/snapshot_destination_ftp.js
2013-08-08 18:50:35: file: wp-content/plugins/snapshot/lib/destinations/ftp/phpseclib0.2.2/crypt.html
2013-08-08 18:50:35: file: wp-content/plugins/snapshot/lib/destinations/ftp/phpseclib0.2.2/docbook.css
2013-08-08 18:50:35: file: wp-content/plugins/snapshot/lib/destinations/ftp/phpseclib0.2.2/index.html
2013-08-08 18:50:35: file: wp-content/plugins/snapshot/lib/destinations/ftp/phpseclib0.2.2/intro.html
2013-08-08 18:50:35: file: wp-content/plugins/snapshot/lib/destinations/ftp/phpseclib0.2.2/math.html
2013-08-08 18:50:35: file: wp-content/plugins/snapshot/lib/destinations/ftp/phpseclib0.2.2/misc_crypt.html
2013-08-08 18:50:35: file: wp-content/plugins/snapshot/lib/destinations/ftp/phpseclib0.2.2/net.html
2013-08-08 18:50:35: file: wp-content/plugins/snapshot/lib/destinations/ftp/phpseclib0.2.2/sym_crypt.html
2013-08-08 18:50:35: file: wp-content/plugins/snapshot/lib/destinations/ftp/phpseclib0.2.2/Crypt/AES.php
2013-08-08 18:50:35: file: wp-content/plugins/snapshot/lib/destinations/ftp/phpseclib0.2.2/Crypt/DES.php
2013-08-08 18:50:35: file: wp-content/plugins/snapshot/lib/destinations/ftp/phpseclib0.2.2/Crypt/Hash.php
2013-08-08 18:50:35: file: wp-content/plugins/snapshot/lib/destinations/ftp/phpseclib0.2.2/Crypt/RC4.php
2013-08-08 18:50:35: file: wp-content/plugins/snapshot/lib/destinations/ftp/phpseclib0.2.2/Crypt/RSA.php
2013-08-08 18:50:35: file: wp-content/plugins/snapshot/lib/destinations/ftp/phpseclib0.2.2/Crypt/Random.php
2013-08-08 18:50:35: file: wp-content/plugins/snapshot/lib/destinations/ftp/phpseclib0.2.2/Crypt/Rijndael.php
2013-08-08 18:50:35: file: wp-content/plugins/snapshot/lib/destinations/ftp/phpseclib0.2.2/Crypt/TripleDES.php
2013-08-08 18:50:35: file: wp-content/plugins/snapshot/lib/destinations/ftp/phpseclib0.2.2/Math/BigInteger.php
2013-08-08 18:50:35: file: wp-content/plugins/snapshot/lib/destinations/ftp/phpseclib0.2.2/Net/SFTP.php
2013-08-08 18:50:35: file: wp-content/plugins/snapshot/lib/destinations/ftp/phpseclib0.2.2/Net/SSH1.php
2013-08-08 18:50:35: file: wp-content/plugins/snapshot/lib/destinations/ftp/phpseclib0.2.2/Net/SSH2.php
2013-08-08 18:50:35: file: wp-content/plugins/snapshot/lib/destinations/ftp/phpseclib0.2.2/PHP/Compat/Function/array_fill.php
2013-08-08 18:50:35: file: wp-content/plugins/snapshot/lib/destinations/ftp/phpseclib0.2.2/PHP/Compat/Function/bcpowmod.php
2013-08-08 18:50:35: file: wp-content/plugins/snapshot/lib/destinations/ftp/phpseclib0.2.2/PHP/Compat/Function/str_split.php
2013-08-08 18:50:35: file: wp-content/plugins/snapshot/lib/destinations/greenqloud/index.php
2013-08-08 18:50:35: file: wp-content/plugins/snapshot/lib/destinations/greenqloud/AWSSDKforPHP/composer.json
2013-08-08 18:50:35: file: wp-content/plugins/snapshot/lib/destinations/greenqloud/AWSSDKforPHP/config.inc.php
2013-08-08 18:50:35: file: wp-content/plugins/snapshot/lib/destinations/greenqloud/AWSSDKforPHP/sdk.class.php
2013-08-08 18:50:35: file: wp-content/plugins/snapshot/lib/destinations/greenqloud/AWSSDKforPHP/authentication/signable.interface.php
2013-08-08 18:50:35: file: wp-content/plugins/snapshot/lib/destinations/greenqloud/AWSSDKforPHP/authentication/signature_v2query.class.php
2013-08-08 18:50:35: file: wp-content/plugins/snapshot/lib/destinations/greenqloud/AWSSDKforPHP/authentication/signature_v3json.class.php
2013-08-08 18:50:35: file: wp-content/plugins/snapshot/lib/destinations/greenqloud/AWSSDKforPHP/authentication/signature_v3query.class.php
2013-08-08 18:50:35: file: wp-content/plugins/snapshot/lib/destinations/greenqloud/AWSSDKforPHP/authentication/signature_v4json.class.php
2013-08-08 18:50:35: file: wp-content/plugins/snapshot/lib/destinations/greenqloud/AWSSDKforPHP/authentication/signature_v4query.class.php
2013-08-08 18:50:35: file: wp-content/plugins/snapshot/lib/destinations/greenqloud/AWSSDKforPHP/authentication/signer.abstract.php
2013-08-08 18:50:35: file: wp-content/plugins/snapshot/lib/destinations/greenqloud/AWSSDKforPHP/extensions/dynamodbsessionhandler.class.php
2013-08-08 18:50:35: file: wp-content/plugins/snapshot/lib/destinations/greenqloud/AWSSDKforPHP/extensions/s3browserupload.class.php
2013-08-08 18:50:35: file: wp-content/plugins/snapshot/lib/destinations/greenqloud/AWSSDKforPHP/extensions/s3streamwrapper.class.php
2013-08-08 18:50:35: file: wp-content/plugins/snapshot/lib/destinations/greenqloud/AWSSDKforPHP/lib/cachecore/LICENSE
2013-08-08 18:50:35: file: wp-content/plugins/snapshot/lib/destinations/greenqloud/AWSSDKforPHP/lib/cachecore/README
2013-08-08 18:50:35: file: wp-content/plugins/snapshot/lib/destinations/greenqloud/AWSSDKforPHP/lib/cachecore/cacheapc.class.php
2013-08-08 18:50:35: file: wp-content/plugins/snapshot/lib/destinations/greenqloud/AWSSDKforPHP/lib/cachecore/cachecore.class.php
2013-08-08 18:50:35: file: wp-content/plugins/snapshot/lib/destinations/greenqloud/AWSSDKforPHP/lib/cachecore/cachefile.class.php
2013-08-08 18:50:35: file: wp-content/plugins/snapshot/lib/destinations/greenqloud/AWSSDKforPHP/lib/cachecore/cachemc.class.php
2013-08-08 18:50:35: file: wp-content/plugins/snapshot/lib/destinations/greenqloud/AWSSDKforPHP/lib/cachecore/cachepdo.class.php
2013-08-08 18:50:35: file: wp-content/plugins/snapshot/lib/destinations/greenqloud/AWSSDKforPHP/lib/cachecore/cachexcache.class.php
2013-08-08 18:50:35: file: wp-content/plugins/snapshot/lib/destinations/greenqloud/AWSSDKforPHP/lib/cachecore/icachecore.interface.php
2013-08-08 18:50:35: file: wp-content/plugins/snapshot/lib/destinations/greenqloud/AWSSDKforPHP/lib/cachecore/_sql/README
2013-08-08 18:50:35: file: wp-content/plugins/snapshot/lib/destinations/greenqloud/AWSSDKforPHP/lib/cachecore/_sql/mysql.sql
2013-08-08 18:50:35: file: wp-content/plugins/snapshot/lib/destinations/greenqloud/AWSSDKforPHP/lib/cachecore/_sql/pgsql.sql
2013-08-08 18:50:35: file: wp-content/plugins/snapshot/lib/destinations/greenqloud/AWSSDKforPHP/lib/cachecore/_sql/sqlite3.sql
2013-08-08 18:50:35: file: wp-content/plugins/snapshot/lib/destinations/greenqloud/AWSSDKforPHP/lib/cachecore/_tests/AllTests.php
2013-08-08 18:50:35: file: wp-content/plugins/snapshot/lib/destinations/greenqloud/AWSSDKforPHP/lib/cachecore/_tests/CacheAPC-class_exists.phpt
2013-08-08 18:50:35: file: wp-content/plugins/snapshot/lib/destinations/greenqloud/AWSSDKforPHP/lib/cachecore/_tests/CacheAPC-class_implements.phpt
2013-08-08 18:50:35: file: wp-content/plugins/snapshot/lib/destinations/greenqloud/AWSSDKforPHP/lib/cachecore/_tests/CacheAPC-object_type.phpt
2013-08-08 18:50:35: file: wp-content/plugins/snapshot/lib/destinations/greenqloud/AWSSDKforPHP/lib/cachecore/_tests/CacheCore-class_exists.phpt
2013-08-08 18:50:35: file: wp-content/plugins/snapshot/lib/destinations/greenqloud/AWSSDKforPHP/lib/cachecore/_tests/CacheCore-class_implements.phpt
2013-08-08 18:50:35: file: wp-content/plugins/snapshot/lib/destinations/greenqloud/AWSSDKforPHP/lib/cachecore/_tests/CacheCore-object_type.phpt
2013-08-08 18:50:35: file: wp-content/plugins/snapshot/lib/destinations/greenqloud/AWSSDKforPHP/lib/cachecore/_tests/CacheFile-class_exists.phpt
2013-08-08 18:50:35: file: wp-content/plugins/snapshot/lib/destinations/greenqloud/AWSSDKforPHP/lib/cachecore/_tests/CacheFile-class_implements.phpt
2013-08-08 18:50:35: file: wp-content/plugins/snapshot/lib/destinations/greenqloud/AWSSDKforPHP/lib/cachecore/_tests/CacheFile-object_type.phpt
2013-08-08 18:50:35: file: wp-content/plugins/snapshot/lib/destinations/greenqloud/AWSSDKforPHP/lib/cachecore/_tests/CacheMC-class_exists.phpt
2013-08-08 18:50:35: file: wp-content/plugins/snapshot/lib/destinations/greenqloud/AWSSDKforPHP/lib/cachecore/_tests/CacheMC-class_implements.phpt
2013-08-08 18:50:35: file: wp-content/plugins/snapshot/lib/destinations/greenqloud/AWSSDKforPHP/lib/cachecore/_tests/CacheMC-object_type.phpt
2013-08-08 18:50:35: file: wp-content/plugins/snapshot/lib/destinations/greenqloud/AWSSDKforPHP/lib/cachecore/_tests/CachePDO-class_exists.phpt
2013-08-08 18:50:35: file: wp-content/plugins/snapshot/lib/destinations/greenqloud/AWSSDKforPHP/lib/cachecore/_tests/CachePDO-sqlite_class_implements.phpt
2013-08-08 18:50:35: file: wp-content/plugins/snapshot/lib/destinations/greenqloud/AWSSDKforPHP/lib/cachecore/_tests/CachePDO-sqlite_object_type.phpt
2013-08-08 18:50:35: file: wp-content/plugins/snapshot/lib/destinations/greenqloud/AWSSDKforPHP/lib/cachecore/_tests/CacheXCache-class_exists.phpt
2013-08-08 18:50:35: file: wp-content/plugins/snapshot/lib/destinations/greenqloud/AWSSDKforPHP/lib/cachecore/_tests/CacheXCache-class_implements.phpt
2013-08-08 18:50:35: file: wp-content/plugins/snapshot/lib/destinations/greenqloud/AWSSDKforPHP/lib/cachecore/_tests/CacheXCache-object_type.phpt
2013-08-08 18:50:35: file: wp-content/plugins/snapshot/lib/destinations/greenqloud/AWSSDKforPHP/lib/cachecore/_tests/apc_method_create.phpt
2013-08-08 18:50:35: file: wp-content/plugins/snapshot/lib/destinations/greenqloud/AWSSDKforPHP/lib/cachecore/_tests/apc_method_delete.phpt
2013-08-08 18:50:35: file: wp-content/plugins/snapshot/lib/destinations/greenqloud/AWSSDKforPHP/lib/cachecore/_tests/apc_method_delete_false.phpt
2013-08-08 18:50:35: file: wp-content/plugins/snapshot/lib/destinations/greenqloud/AWSSDKforPHP/lib/cachecore/_tests/apc_method_delete_update.phpt
2013-08-08 18:50:35: file: wp-content/plugins/snapshot/lib/destinations/greenqloud/AWSSDKforPHP/lib/cachecore/_tests/apc_method_is_expired.phpt
2013-08-08 18:50:35: file: wp-content/plugins/snapshot/lib/destinations/greenqloud/AWSSDKforPHP/lib/cachecore/_tests/apc_method_read.phpt
2013-08-08 18:50:35: file: wp-content/plugins/snapshot/lib/destinations/greenqloud/AWSSDKforPHP/lib/cachecore/_tests/apc_method_reset.phpt
2013-08-08 18:50:35: file: wp-content/plugins/snapshot/lib/destinations/greenqloud/AWSSDKforPHP/lib/cachecore/_tests/apc_method_response_manager.phpt
2013-08-08 18:50:35: file: wp-content/plugins/snapshot/lib/destinations/greenqloud/AWSSDKforPHP/lib/cachecore/_tests/apc_method_response_manager_reset.phpt
2013-08-08 18:50:35: file: wp-content/plugins/snapshot/lib/destinations/greenqloud/AWSSDKforPHP/lib/cachecore/_tests/apc_method_timestamp.phpt
2013-08-08 18:50:35: file: wp-content/plugins/snapshot/lib/destinations/greenqloud/AWSSDKforPHP/lib/cachecore/_tests/apc_method_update.phpt
2013-08-08 18:50:35: file: wp-content/plugins/snapshot/lib/destinations/greenqloud/AWSSDKforPHP/lib/cachecore/_tests/apc_method_update_read.phpt
2013-08-08 18:50:35: file: wp-content/plugins/snapshot/lib/destinations/greenqloud/AWSSDKforPHP/lib/cachecore/_tests/apc_prop_expires.phpt
2013-08-08 18:50:35: file: wp-content/plugins/snapshot/lib/destinations/greenqloud/AWSSDKforPHP/lib/cachecore/_tests/apc_prop_id.phpt
2013-08-08 18:50:35: file: wp-content/plugins/snapshot/lib/destinations/greenqloud/AWSSDKforPHP/lib/cachecore/_tests/apc_prop_location.phpt
2013-08-08 18:50:35: file: wp-content/plugins/snapshot/lib/destinations/greenqloud/AWSSDKforPHP/lib/cachecore/_tests/apc_prop_name.phpt
2013-08-08 18:50:35: file: wp-content/plugins/snapshot/lib/destinations/greenqloud/AWSSDKforPHP/lib/cachecore/_tests/apc_prop_timestamp.phpt
2013-08-08 18:50:35: file: wp-content/plugins/snapshot/lib/destinations/greenqloud/AWSSDKforPHP/lib/cachecore/_tests/core_prop_expires.phpt
2013-08-08 18:50:35: file: wp-content/plugins/snapshot/lib/destinations/greenqloud/AWSSDKforPHP/lib/cachecore/_tests/core_prop_id.phpt
2013-08-08 18:50:35: file: wp-content/plugins/snapshot/lib/destinations/greenqloud/AWSSDKforPHP/lib/cachecore/_tests/core_prop_location.phpt
2013-08-08 18:50:35: file: wp-content/plugins/snapshot/lib/destinations/greenqloud/AWSSDKforPHP/lib/cachecore/_tests/core_prop_name.phpt
2013-08-08 18:50:35: file: wp-content/plugins/snapshot/lib/destinations/greenqloud/AWSSDKforPHP/lib/cachecore/_tests/core_prop_timestamp.phpt
2013-08-08 18:50:35: file: wp-content/plugins/snapshot/lib/destinations/greenqloud/AWSSDKforPHP/lib/cachecore/_tests/file_method_create.phpt
2013-08-08 18:50:35: file: wp-content/plugins/snapshot/lib/destinations/greenqloud/AWSSDKforPHP/lib/cachecore/_tests/file_method_create_fail.phpt
2013-08-08 18:50:35: file: wp-content/plugins/snapshot/lib/destinations/greenqloud/AWSSDKforPHP/lib/cachecore/_tests/file_method_delete.phpt
2013-08-08 18:50:35: file: wp-content/plugins/snapshot/lib/destinations/greenqloud/AWSSDKforPHP/lib/cachecore/_tests/file_method_delete_false.phpt
2013-08-08 18:50:35: file: wp-content/plugins/snapshot/lib/destinations/greenqloud/AWSSDKforPHP/lib/cachecore/_tests/file_method_delete_update.phpt
2013-08-08 18:50:35: file: wp-content/plugins/snapshot/lib/destinations/greenqloud/AWSSDKforPHP/lib/cachecore/_tests/file_method_is_expired.phpt
2013-08-08 18:50:35: file: wp-content/plugins/snapshot/lib/destinations/greenqloud/AWSSDKforPHP/lib/cachecore/_tests/file_method_read.phpt
2013-08-08 18:50:35: file: wp-content/plugins/snapshot/lib/destinations/greenqloud/AWSSDKforPHP/lib/cachecore/_tests/file_method_reset.phpt
2013-08-08 18:50:35: file: wp-content/plugins/snapshot/lib/destinations/greenqloud/AWSSDKforPHP/lib/cachecore/_tests/file_method_reset_fail.phpt
2013-08-08 18:50:35: file: wp-content/plugins/snapshot/lib/destinations/greenqloud/AWSSDKforPHP/lib/cachecore/_tests/file_method_response_manager.phpt
2013-08-08 18:50:35: file: wp-content/plugins/snapshot/lib/destinations/greenqloud/AWSSDKforPHP/lib/cachecore/_tests/file_method_response_manager_no_params.phpt
2013-08-08 18:50:35: file: wp-content/plugins/snapshot/lib/destinations/greenqloud/AWSSDKforPHP/lib/cachecore/_tests/file_method_response_manager_reset.phpt
2013-08-08 18:50:35: file: wp-content/plugins/snapshot/lib/destinations/greenqloud/AWSSDKforPHP/lib/cachecore/_tests/file_method_timestamp.phpt
2013-08-08 18:50:35: file: wp-content/plugins/snapshot/lib/destinations/greenqloud/AWSSDKforPHP/lib/cachecore/_tests/file_method_timestamp_nocreate.phpt
2013-08-08 18:50:35: file: wp-content/plugins/snapshot/lib/destinations/greenqloud/AWSSDKforPHP/lib/cachecore/_tests/file_method_update.phpt
2013-08-08 18:50:35: file: wp-content/plugins/snapshot/lib/destinations/greenqloud/AWSSDKforPHP/lib/cachecore/_tests/file_method_update_read.phpt
2013-08-08 18:50:35: file: wp-content/plugins/snapshot/lib/destinations/greenqloud/AWSSDKforPHP/lib/cachecore/_tests/file_prop_expires.phpt
2013-08-08 18:50:35: file: wp-content/plugins/snapshot/lib/destinations/greenqloud/AWSSDKforPHP/lib/cachecore/_tests/file_prop_id.phpt
2013-08-08 18:50:35: file: wp-content/plugins/snapshot/lib/destinations/greenqloud/AWSSDKforPHP/lib/cachecore/_tests/file_prop_location.phpt
2013-08-08 18:50:35: file: wp-content/plugins/snapshot/lib/destinations/greenqloud/AWSSDKforPHP/lib/cachecore/_tests/file_prop_name.phpt
2013-08-08 18:50:35: file: wp-content/plugins/snapshot/lib/destinations/greenqloud/AWSSDKforPHP/lib/cachecore/_tests/file_prop_timestamp.phpt
2013-08-08 18:50:35: file: wp-content/plugins/snapshot/lib/destinations/greenqloud/AWSSDKforPHP/lib/cachecore/_tests/memcached_method_create.phpt
2013-08-08 18:50:35: file: wp-content/plugins/snapshot/lib/destinations/greenqloud/AWSSDKforPHP/lib/cachecore/_tests/memcached_method_delete.phpt
2013-08-08 18:50:35: file: wp-content/plugins/snapshot/lib/destinations/greenqloud/AWSSDKforPHP/lib/cachecore/_tests/memcached_method_delete_false.phpt
2013-08-08 18:50:35: file: wp-content/plugins/snapshot/lib/destinations/greenqloud/AWSSDKforPHP/lib/cachecore/_tests/memcached_method_delete_update.phpt
2013-08-08 18:50:35: file: wp-content/plugins/snapshot/lib/destinations/greenqloud/AWSSDKforPHP/lib/cachecore/_tests/memcached_method_is_expired.phpt
2013-08-08 18:50:35: file: wp-content/plugins/snapshot/lib/destinations/greenqloud/AWSSDKforPHP/lib/cachecore/_tests/memcached_method_read.phpt
2013-08-08 18:50:35: file: wp-content/plugins/snapshot/lib/destinations/greenqloud/AWSSDKforPHP/lib/cachecore/_tests/memcached_method_read2.phpt
2013-08-08 18:50:35: file: wp-content/plugins/snapshot/lib/destinations/greenqloud/AWSSDKforPHP/lib/cachecore/_tests/memcached_method_reset.phpt
2013-08-08 18:50:35: file: wp-content/plugins/snapshot/lib/destinations/greenqloud/AWSSDKforPHP/lib/cachecore/_tests/memcached_method_response_manager.phpt
2013-08-08 18:50:35: file: wp-content/plugins/snapshot/lib/destinations/greenqloud/AWSSDKforPHP/lib/cachecore/_tests/memcached_method_response_manager_reset.phpt
2013-08-08 18:50:35: file: wp-content/plugins/snapshot/lib/destinations/greenqloud/AWSSDKforPHP/lib/cachecore/_tests/memcached_method_timestamp.phpt
2013-08-08 18:50:35: file: wp-content/plugins/snapshot/lib/destinations/greenqloud/AWSSDKforPHP/lib/cachecore/_tests/memcached_method_timestamp_nocreate.phpt
2013-08-08 18:50:35: file: wp-content/plugins/snapshot/lib/destinations/greenqloud/AWSSDKforPHP/lib/cachecore/_tests/memcached_method_update.phpt
2013-08-08 18:50:35: file: wp-content/plugins/snapshot/lib/destinations/greenqloud/AWSSDKforPHP/lib/cachecore/_tests/memcached_method_update_read.phpt
2013-08-08 18:50:35: file: wp-content/plugins/snapshot/lib/destinations/greenqloud/AWSSDKforPHP/lib/cachecore/_tests/memcached_prop_expires.phpt
2013-08-08 18:50:35: file: wp-content/plugins/snapshot/lib/destinations/greenqloud/AWSSDKforPHP/lib/cachecore/_tests/memcached_prop_id.phpt
2013-08-08 18:50:35: file: wp-content/plugins/snapshot/lib/destinations/greenqloud/AWSSDKforPHP/lib/cachecore/_tests/memcached_prop_location.phpt
2013-08-08 18:50:35: file: wp-content/plugins/snapshot/lib/destinations/greenqloud/AWSSDKforPHP/lib/cachecore/_tests/memcached_prop_name.phpt
2013-08-08 18:50:35: file: wp-content/plugins/snapshot/lib/destinations/greenqloud/AWSSDKforPHP/lib/cachecore/_tests/memcached_prop_timestamp.phpt
2013-08-08 18:50:35: file: wp-content/plugins/snapshot/lib/destinations/greenqloud/AWSSDKforPHP/lib/cachecore/_tests/test_request.txt
2013-08-08 18:50:35: file: wp-content/plugins/snapshot/lib/destinations/greenqloud/AWSSDKforPHP/lib/cachecore/_tests/xcache_method_create.phpt
2013-08-08 18:50:35: file: wp-content/plugins/snapshot/lib/destinations/greenqloud/AWSSDKforPHP/lib/cachecore/_tests/xcache_method_delete.phpt
2013-08-08 18:50:35: file: wp-content/plugins/snapshot/lib/destinations/greenqloud/AWSSDKforPHP/lib/cachecore/_tests/xcache_method_delete_false.phpt
2013-08-08 18:50:35: file: wp-content/plugins/snapshot/lib/destinations/greenqloud/AWSSDKforPHP/lib/cachecore/_tests/xcache_method_delete_update.phpt
2013-08-08 18:50:35: file: wp-content/plugins/snapshot/lib/destinations/greenqloud/AWSSDKforPHP/lib/cachecore/_tests/xcache_method_is_expired.phpt
2013-08-08 18:50:35: file: wp-content/plugins/snapshot/lib/destinations/greenqloud/AWSSDKforPHP/lib/cachecore/_tests/xcache_method_read.phpt
2013-08-08 18:50:35: file: wp-content/plugins/snapshot/lib/destinations/greenqloud/AWSSDKforPHP/lib/cachecore/_tests/xcache_method_reset.phpt
2013-08-08 18:50:35: file: wp-content/plugins/snapshot/lib/destinations/greenqloud/AWSSDKforPHP/lib/cachecore/_tests/xcache_method_response_manager.phpt
2013-08-08 18:50:35: file: wp-content/plugins/snapshot/lib/destinations/greenqloud/AWSSDKforPHP/lib/cachecore/_tests/xcache_method_response_manager_reset.phpt
2013-08-08 18:50:35: file: wp-content/plugins/snapshot/lib/destinations/greenqloud/AWSSDKforPHP/lib/cachecore/_tests/xcache_method_timestamp.phpt
2013-08-08 18:50:35: file: wp-content/plugins/snapshot/lib/destinations/greenqloud/AWSSDKforPHP/lib/cachecore/_tests/xcache_method_timestamp_nocreate.phpt
2013-08-08 18:50:35: file: wp-content/plugins/snapshot/lib/destinations/greenqloud/AWSSDKforPHP/lib/cachecore/_tests/xcache_method_update.phpt
2013-08-08 18:50:35: file: wp-content/plugins/snapshot/lib/destinations/greenqloud/AWSSDKforPHP/lib/cachecore/_tests/xcache_method_update_read.phpt
2013-08-08 18:50:35: file: wp-content/plugins/snapshot/lib/destinations/greenqloud/AWSSDKforPHP/lib/cachecore/_tests/xcache_prop_expires.phpt
2013-08-08 18:50:35: file: wp-content/plugins/snapshot/lib/destinations/greenqloud/AWSSDKforPHP/lib/cachecore/_tests/xcache_prop_id.phpt
2013-08-08 18:50:35: file: wp-content/plugins/snapshot/lib/destinations/greenqloud/AWSSDKforPHP/lib/cachecore/_tests/xcache_prop_location.phpt
2013-08-08 18:50:35: file: wp-content/plugins/snapshot/lib/destinations/greenqloud/AWSSDKforPHP/lib/cachecore/_tests/xcache_prop_name.phpt
2013-08-08 18:50:35: file: wp-content/plugins/snapshot/lib/destinations/greenqloud/AWSSDKforPHP/lib/cachecore/_tests/xcache_prop_timestamp.phpt
2013-08-08 18:50:35: file: wp-content/plugins/snapshot/lib/destinations/greenqloud/AWSSDKforPHP/lib/cachecore/_tests/cache/sqlite.db
2013-08-08 18:50:35: file: wp-content/plugins/snapshot/lib/destinations/greenqloud/AWSSDKforPHP/lib/dom/ArrayToDOMDocument.php
2013-08-08 18:50:35: file: wp-content/plugins/snapshot/lib/destinations/greenqloud/AWSSDKforPHP/lib/dom/Transmogrifier.php
2013-08-08 18:50:35: file: wp-content/plugins/snapshot/lib/destinations/greenqloud/AWSSDKforPHP/lib/dom/_tests/books.phpt
2013-08-08 18:50:35: file: wp-content/plugins/snapshot/lib/destinations/greenqloud/AWSSDKforPHP/lib/dom/_tests/ddb_get.phpt
2013-08-08 18:50:35: file: wp-content/plugins/snapshot/lib/destinations/greenqloud/AWSSDKforPHP/lib/dom/_tests/ddb_scan.phpt
2013-08-08 18:50:35: file: wp-content/plugins/snapshot/lib/destinations/greenqloud/AWSSDKforPHP/lib/dom/_tests/different_root_nodes.phpt
2013-08-08 18:50:35: file: wp-content/plugins/snapshot/lib/destinations/greenqloud/AWSSDKforPHP/lib/dom/_tests/empty_inner.phpt
2013-08-08 18:50:35: file: wp-content/plugins/snapshot/lib/destinations/greenqloud/AWSSDKforPHP/lib/dom/_tests/empty_outer.phpt
2013-08-08 18:50:35: file: wp-content/plugins/snapshot/lib/destinations/greenqloud/AWSSDKforPHP/lib/dom/_tests/indexed.phpt
2013-08-08 18:50:35: file: wp-content/plugins/snapshot/lib/destinations/greenqloud/AWSSDKforPHP/lib/dom/_tests/list_of_hashes.phpt
2013-08-08 18:50:35: file: wp-content/plugins/snapshot/lib/destinations/greenqloud/AWSSDKforPHP/lib/dom/_tests/list_of_hashes2.phpt
2013-08-08 18:50:35: file: wp-content/plugins/snapshot/lib/destinations/greenqloud/AWSSDKforPHP/lib/dom/_tests/list_of_hashes3.phpt
2013-08-08 18:50:35: file: wp-content/plugins/snapshot/lib/destinations/greenqloud/AWSSDKforPHP/lib/dom/_tests/null_bytes.phpt
2013-08-08 18:50:35: file: wp-content/plugins/snapshot/lib/destinations/greenqloud/AWSSDKforPHP/lib/dom/_tests/same_root_nodes.phpt
2013-08-08 18:50:35: file: wp-content/plugins/snapshot/lib/destinations/greenqloud/AWSSDKforPHP/lib/dom/_tests/simple.phpt
2013-08-08 18:50:35: file: wp-content/plugins/snapshot/lib/destinations/greenqloud/AWSSDKforPHP/lib/requestcore/LICENSE
2013-08-08 18:50:35: file: wp-content/plugins/snapshot/lib/destinations/greenqloud/AWSSDKforPHP/lib/requestcore/README.md
2013-08-08 18:50:35: file: wp-content/plugins/snapshot/lib/destinations/greenqloud/AWSSDKforPHP/lib/requestcore/cacert.pem
2013-08-08 18:50:35: file: wp-content/plugins/snapshot/lib/destinations/greenqloud/AWSSDKforPHP/lib/requestcore/requestcore.class.php
2013-08-08 18:50:35: file: wp-content/plugins/snapshot/lib/destinations/greenqloud/AWSSDKforPHP/lib/requestcore/_tests/AllTests.php
2013-08-08 18:50:35: file: wp-content/plugins/snapshot/lib/destinations/greenqloud/AWSSDKforPHP/lib/requestcore/_tests/HTTP_DELETE.phpt
2013-08-08 18:50:35: file: wp-content/plugins/snapshot/lib/destinations/greenqloud/AWSSDKforPHP/lib/requestcore/_tests/HTTP_GET.phpt
2013-08-08 18:50:35: file: wp-content/plugins/snapshot/lib/destinations/greenqloud/AWSSDKforPHP/lib/requestcore/_tests/HTTP_HEAD.phpt
2013-08-08 18:50:35: file: wp-content/plugins/snapshot/lib/destinations/greenqloud/AWSSDKforPHP/lib/requestcore/_tests/HTTP_POST.phpt
2013-08-08 18:50:35: file: wp-content/plugins/snapshot/lib/destinations/greenqloud/AWSSDKforPHP/lib/requestcore/_tests/HTTP_PUT.phpt
2013-08-08 18:50:35: file: wp-content/plugins/snapshot/lib/destinations/greenqloud/AWSSDKforPHP/lib/requestcore/_tests/RequestCore-class_exists.phpt
2013-08-08 18:50:35: file: wp-content/plugins/snapshot/lib/destinations/greenqloud/AWSSDKforPHP/lib/requestcore/_tests/RequestCore-object_type.phpt
2013-08-08 18:50:35: file: wp-content/plugins/snapshot/lib/destinations/greenqloud/AWSSDKforPHP/lib/requestcore/_tests/RequestCore_Exception-class_exists.phpt
2013-08-08 18:50:35: file: wp-content/plugins/snapshot/lib/destinations/greenqloud/AWSSDKforPHP/lib/requestcore/_tests/RequestCore_Exception-get_parent_class.phpt
2013-08-08 18:50:35: file: wp-content/plugins/snapshot/lib/destinations/greenqloud/AWSSDKforPHP/lib/requestcore/_tests/examples.yml
2013-08-08 18:50:35: file: wp-content/plugins/snapshot/lib/destinations/greenqloud/AWSSDKforPHP/lib/requestcore/_tests/method_add_header.phpt
2013-08-08 18:50:35: file: wp-content/plugins/snapshot/lib/destinations/greenqloud/AWSSDKforPHP/lib/requestcore/_tests/method_get_response_body.phpt
2013-08-08 18:50:35: file: wp-content/plugins/snapshot/lib/destinations/greenqloud/AWSSDKforPHP/lib/requestcore/_tests/method_get_response_code.phpt
2013-08-08 18:50:35: file: wp-content/plugins/snapshot/lib/destinations/greenqloud/AWSSDKforPHP/lib/requestcore/_tests/method_get_response_header_content_type.phpt
2013-08-08 18:50:35: file: wp-content/plugins/snapshot/lib/destinations/greenqloud/AWSSDKforPHP/lib/requestcore/_tests/method_get_response_header_info_url.phpt
2013-08-08 18:50:35: file: wp-content/plugins/snapshot/lib/destinations/greenqloud/AWSSDKforPHP/lib/requestcore/_tests/method_process_response.phpt
2013-08-08 18:50:35: file: wp-content/plugins/snapshot/lib/destinations/greenqloud/AWSSDKforPHP/lib/requestcore/_tests/method_remove_header.phpt
2013-08-08 18:50:35: file: wp-content/plugins/snapshot/lib/destinations/greenqloud/AWSSDKforPHP/lib/requestcore/_tests/method_responsecore_isok.phpt
2013-08-08 18:50:35: file: wp-content/plugins/snapshot/lib/destinations/greenqloud/AWSSDKforPHP/lib/requestcore/_tests/method_responsecore_isok_false.phpt
2013-08-08 18:50:35: file: wp-content/plugins/snapshot/lib/destinations/greenqloud/AWSSDKforPHP/lib/requestcore/_tests/method_send_multi_request.phpt
2013-08-08 18:50:35: file: wp-content/plugins/snapshot/lib/destinations/greenqloud/AWSSDKforPHP/lib/requestcore/_tests/method_send_multi_request_failed.phpt
2013-08-08 18:50:35: file: wp-content/plugins/snapshot/lib/destinations/greenqloud/AWSSDKforPHP/lib/requestcore/_tests/method_send_multi_request_failed2.txt
2013-08-08 18:50:35: file: wp-content/plugins/snapshot/lib/destinations/greenqloud/AWSSDKforPHP/lib/requestcore/_tests/method_send_request.phpt
2013-08-08 18:50:35: file: wp-content/plugins/snapshot/lib/destinations/greenqloud/AWSSDKforPHP/lib/requestcore/_tests/method_send_request2.phpt
2013-08-08 18:50:35: file: wp-content/plugins/snapshot/lib/destinations/greenqloud/AWSSDKforPHP/lib/requestcore/_tests/method_send_request2_failed.phpt
2013-08-08 18:50:35: file: wp-content/plugins/snapshot/lib/destinations/greenqloud/AWSSDKforPHP/lib/requestcore/_tests/method_send_request_array.txt
2013-08-08 18:50:35: file: wp-content/plugins/snapshot/lib/destinations/greenqloud/AWSSDKforPHP/lib/requestcore/_tests/method_send_request_failed.phpt
2013-08-08 18:50:35: file: wp-content/plugins/snapshot/lib/destinations/greenqloud/AWSSDKforPHP/lib/requestcore/_tests/method_send_request_head.phpt
2013-08-08 18:50:35: file: wp-content/plugins/snapshot/lib/destinations/greenqloud/AWSSDKforPHP/lib/requestcore/_tests/method_send_request_isok.phpt
2013-08-08 18:50:35: file: wp-content/plugins/snapshot/lib/destinations/greenqloud/AWSSDKforPHP/lib/requestcore/_tests/method_send_request_isok_200.phpt
2013-08-08 18:50:35: file: wp-content/plugins/snapshot/lib/destinations/greenqloud/AWSSDKforPHP/lib/requestcore/_tests/method_send_request_put.phpt
2013-08-08 18:50:35: file: wp-content/plugins/snapshot/lib/destinations/greenqloud/AWSSDKforPHP/lib/requestcore/_tests/method_set_credentials_pass.phpt
2013-08-08 18:50:35: file: wp-content/plugins/snapshot/lib/destinations/greenqloud/AWSSDKforPHP/lib/requestcore/_tests/method_set_credentials_user.phpt
2013-08-08 18:50:35: file: wp-content/plugins/snapshot/lib/destinations/greenqloud/AWSSDKforPHP/lib/requestcore/_tests/method_set_proxy.phpt
2013-08-08 18:50:35: file: wp-content/plugins/snapshot/lib/destinations/greenqloud/AWSSDKforPHP/lib/requestcore/_tests/method_set_request_class.phpt
2013-08-08 18:50:35: file: wp-content/plugins/snapshot/lib/destinations/greenqloud/AWSSDKforPHP/lib/requestcore/_tests/method_set_request_url.phpt
2013-08-08 18:50:35: file: wp-content/plugins/snapshot/lib/destinations/greenqloud/AWSSDKforPHP/lib/requestcore/_tests/method_set_response_class.phpt
2013-08-08 18:50:35: file: wp-content/plugins/snapshot/lib/destinations/greenqloud/AWSSDKforPHP/lib/requestcore/_tests/method_set_useragent.phpt
2013-08-08 18:50:35: file: wp-content/plugins/snapshot/lib/destinations/greenqloud/AWSSDKforPHP/lib/requestcore/_tests/prop_curl_handle.phpt
2013-08-08 18:50:35: file: wp-content/plugins/snapshot/lib/destinations/greenqloud/AWSSDKforPHP/lib/requestcore/_tests/prop_method.phpt
2013-08-08 18:50:35: file: wp-content/plugins/snapshot/lib/destinations/greenqloud/AWSSDKforPHP/lib/requestcore/_tests/prop_method_post.phpt
2013-08-08 18:50:35: file: wp-content/plugins/snapshot/lib/destinations/greenqloud/AWSSDKforPHP/lib/requestcore/_tests/prop_proxy.phpt
2013-08-08 18:50:35: file: wp-content/plugins/snapshot/lib/destinations/greenqloud/AWSSDKforPHP/lib/requestcore/_tests/prop_request_body.phpt
2013-08-08 18:50:35: file: wp-content/plugins/snapshot/lib/destinations/greenqloud/AWSSDKforPHP/lib/requestcore/_tests/prop_request_class.phpt
2013-08-08 18:50:35: file: wp-content/plugins/snapshot/lib/destinations/greenqloud/AWSSDKforPHP/lib/requestcore/_tests/prop_request_headers.phpt
2013-08-08 18:50:35: file: wp-content/plugins/snapshot/lib/destinations/greenqloud/AWSSDKforPHP/lib/requestcore/_tests/prop_request_url.phpt
2013-08-08 18:50:35: file: wp-content/plugins/snapshot/lib/destinations/greenqloud/AWSSDKforPHP/lib/requestcore/_tests/prop_response_body.phpt
2013-08-08 18:50:35: file: wp-content/plugins/snapshot/lib/destinations/greenqloud/AWSSDKforPHP/lib/requestcore/_tests/prop_response_class.phpt
2013-08-08 18:50:35: file: wp-content/plugins/snapshot/lib/destinations/greenqloud/AWSSDKforPHP/lib/requestcore/_tests/prop_response_code.phpt
2013-08-08 18:50:35: file: wp-content/plugins/snapshot/lib/destinations/greenqloud/AWSSDKforPHP/lib/requestcore/_tests/prop_response_info_content_type.phpt
2013-08-08 18:50:35: file: wp-content/plugins/snapshot/lib/destinations/greenqloud/AWSSDKforPHP/lib/requestcore/_tests/prop_response_info_url.phpt
2013-08-08 18:50:35: file: wp-content/plugins/snapshot/lib/destinations/greenqloud/AWSSDKforPHP/lib/requestcore/_tests/prop_responsecore_body.phpt
2013-08-08 18:50:35: file: wp-content/plugins/snapshot/lib/destinations/greenqloud/AWSSDKforPHP/lib/requestcore/_tests/prop_responsecore_header_content_type.phpt
2013-08-08 18:50:35: file: wp-content/plugins/snapshot/lib/destinations/greenqloud/AWSSDKforPHP/lib/requestcore/_tests/prop_responsecore_status.phpt
2013-08-08 18:50:35: file: wp-content/plugins/snapshot/lib/destinations/greenqloud/AWSSDKforPHP/lib/requestcore/_tests/prop_useragent.phpt
2013-08-08 18:50:35: file: wp-content/plugins/snapshot/lib/destinations/greenqloud/AWSSDKforPHP/lib/requestcore/_tests/test_request.txt
2013-08-08 18:50:35: file: wp-content/plugins/snapshot/lib/destinations/greenqloud/AWSSDKforPHP/lib/requestcore/_tests/test_request2.txt
2013-08-08 18:50:35: file: wp-content/plugins/snapshot/lib/destinations/greenqloud/AWSSDKforPHP/lib/yaml/LICENSE
2013-08-08 18:50:35: file: wp-content/plugins/snapshot/lib/destinations/greenqloud/AWSSDKforPHP/lib/yaml/README.markdown
2013-08-08 18:50:35: file: wp-content/plugins/snapshot/lib/destinations/greenqloud/AWSSDKforPHP/lib/yaml/lib/sfYaml.php
2013-08-08 18:50:35: file: wp-content/plugins/snapshot/lib/destinations/greenqloud/AWSSDKforPHP/lib/yaml/lib/sfYamlDumper.php
2013-08-08 18:50:35: file: wp-content/plugins/snapshot/lib/destinations/greenqloud/AWSSDKforPHP/lib/yaml/lib/sfYamlInline.php
2013-08-08 18:50:35: file: wp-content/plugins/snapshot/lib/destinations/greenqloud/AWSSDKforPHP/lib/yaml/lib/sfYamlParser.php
2013-08-08 18:50:35: file: wp-content/plugins/snapshot/lib/destinations/greenqloud/AWSSDKforPHP/services/as.class.php
2013-08-08 18:50:35: file: wp-content/plugins/snapshot/lib/destinations/greenqloud/AWSSDKforPHP/services/cloudformation.class.php
2013-08-08 18:50:35: file: wp-content/plugins/snapshot/lib/destinations/greenqloud/AWSSDKforPHP/services/cloudfront.class.php
2013-08-08 18:50:35: file: wp-content/plugins/snapshot/lib/destinations/greenqloud/AWSSDKforPHP/services/cloudsearch.class.php
2013-08-08 18:50:35: file: wp-content/plugins/snapshot/lib/destinations/greenqloud/AWSSDKforPHP/services/cloudwatch.class.php
2013-08-08 18:50:35: file: wp-content/plugins/snapshot/lib/destinations/greenqloud/AWSSDKforPHP/services/dynamodb.class.php
2013-08-08 18:50:35: file: wp-content/plugins/snapshot/lib/destinations/greenqloud/AWSSDKforPHP/services/ec2.class.php
2013-08-08 18:50:35: file: wp-content/plugins/snapshot/lib/destinations/greenqloud/AWSSDKforPHP/services/elasticache.class.php
2013-08-08 18:50:35: file: wp-content/plugins/snapshot/lib/destinations/greenqloud/AWSSDKforPHP/services/elasticbeanstalk.class.php
2013-08-08 18:50:35: file: wp-content/plugins/snapshot/lib/destinations/greenqloud/AWSSDKforPHP/services/elb.class.php
2013-08-08 18:50:35: file: wp-content/plugins/snapshot/lib/destinations/greenqloud/AWSSDKforPHP/services/emr.class.php
2013-08-08 18:50:35: file: wp-content/plugins/snapshot/lib/destinations/greenqloud/AWSSDKforPHP/services/iam.class.php
2013-08-08 18:50:35: file: wp-content/plugins/snapshot/lib/destinations/greenqloud/AWSSDKforPHP/services/importexport.class.php
2013-08-08 18:50:35: file: wp-content/plugins/snapshot/lib/destinations/greenqloud/AWSSDKforPHP/services/rds.class.php
2013-08-08 18:50:35: file: wp-content/plugins/snapshot/lib/destinations/greenqloud/AWSSDKforPHP/services/s3.class.php
2013-08-08 18:50:35: file: wp-content/plugins/snapshot/lib/destinations/greenqloud/AWSSDKforPHP/services/sdb.class.php
2013-08-08 18:50:35: file: wp-content/plugins/snapshot/lib/destinations/greenqloud/AWSSDKforPHP/services/ses.class.php
2013-08-08 18:50:35: file: wp-content/plugins/snapshot/lib/destinations/greenqloud/AWSSDKforPHP/services/sns.class.php
2013-08-08 18:50:35: file: wp-content/plugins/snapshot/lib/destinations/greenqloud/AWSSDKforPHP/services/sqs.class.php
2013-08-08 18:50:35: file: wp-content/plugins/snapshot/lib/destinations/greenqloud/AWSSDKforPHP/services/storagegateway.class.php
2013-08-08 18:50:35: file: wp-content/plugins/snapshot/lib/destinations/greenqloud/AWSSDKforPHP/services/sts.class.php
2013-08-08 18:50:35: file: wp-content/plugins/snapshot/lib/destinations/greenqloud/AWSSDKforPHP/services/swf.class.php
2013-08-08 18:50:35: file: wp-content/plugins/snapshot/lib/destinations/greenqloud/AWSSDKforPHP/utilities/array.class.php
2013-08-08 18:50:35: file: wp-content/plugins/snapshot/lib/destinations/greenqloud/AWSSDKforPHP/utilities/batchrequest.class.php
2013-08-08 18:50:35: file: wp-content/plugins/snapshot/lib/destinations/greenqloud/AWSSDKforPHP/utilities/complextype.class.php
2013-08-08 18:50:35: file: wp-content/plugins/snapshot/lib/destinations/greenqloud/AWSSDKforPHP/utilities/credential.class.php
2013-08-08 18:50:35: file: wp-content/plugins/snapshot/lib/destinations/greenqloud/AWSSDKforPHP/utilities/credentials.class.php
2013-08-08 18:50:35: file: wp-content/plugins/snapshot/lib/destinations/greenqloud/AWSSDKforPHP/utilities/gzipdecode.class.php
2013-08-08 18:50:35: file: wp-content/plugins/snapshot/lib/destinations/greenqloud/AWSSDKforPHP/utilities/hadoopbase.class.php
2013-08-08 18:50:35: file: wp-content/plugins/snapshot/lib/destinations/greenqloud/AWSSDKforPHP/utilities/hadoopbootstrap.class.php
2013-08-08 18:50:35: file: wp-content/plugins/snapshot/lib/destinations/greenqloud/AWSSDKforPHP/utilities/hadoopstep.class.php
2013-08-08 18:50:35: file: wp-content/plugins/snapshot/lib/destinations/greenqloud/AWSSDKforPHP/utilities/info.class.php
2013-08-08 18:50:35: file: wp-content/plugins/snapshot/lib/destinations/greenqloud/AWSSDKforPHP/utilities/json.class.php
2013-08-08 18:50:35: file: wp-content/plugins/snapshot/lib/destinations/greenqloud/AWSSDKforPHP/utilities/manifest.class.php
2013-08-08 18:50:35: file: wp-content/plugins/snapshot/lib/destinations/greenqloud/AWSSDKforPHP/utilities/mimetypes.class.php
2013-08-08 18:50:35: file: wp-content/plugins/snapshot/lib/destinations/greenqloud/AWSSDKforPHP/utilities/policy.class.php
2013-08-08 18:50:35: file: wp-content/plugins/snapshot/lib/destinations/greenqloud/AWSSDKforPHP/utilities/request.class.php
2013-08-08 18:50:35: file: wp-content/plugins/snapshot/lib/destinations/greenqloud/AWSSDKforPHP/utilities/response.class.php
2013-08-08 18:50:35: file: wp-content/plugins/snapshot/lib/destinations/greenqloud/AWSSDKforPHP/utilities/simplexml.class.php
2013-08-08 18:50:35: file: wp-content/plugins/snapshot/lib/destinations/greenqloud/AWSSDKforPHP/utilities/stacktemplate.class.php
2013-08-08 18:50:35: file: wp-content/plugins/snapshot/lib/destinations/greenqloud/AWSSDKforPHP/utilities/stepconfig.class.php
2013-08-08 18:50:35: file: wp-content/plugins/snapshot/lib/destinations/greenqloud/AWSSDKforPHP/utilities/utilities.class.php
2013-08-08 18:50:35: file: wp-content/plugins/snapshot/lib/destinations/greenqloud/css/snapshot_destination_greenqloud.css
2013-08-08 18:50:35: file: wp-content/plugins/snapshot/lib/destinations/greenqloud/img/GreenQloud.gif
2013-08-08 18:50:35: file: wp-content/plugins/snapshot/lib/destinations/greenqloud/img/snapshot-test-connection-loader.gif
2013-08-08 18:50:35: file: wp-content/plugins/snapshot/lib/destinations/greenqloud/js/snapshot_destination_greenqloud.js
2013-08-08 18:50:35: file: section: plugins/wpmudev-updates
2013-08-08 18:50:35: file: wp-content/plugins/wpmudev-updates/changelog.txt
2013-08-08 18:50:35: file: wp-content/plugins/wpmudev-updates/update-notifications.php
2013-08-08 18:50:35: file: wp-content/plugins/wpmudev-updates/includes/notifications.php
2013-08-08 18:50:35: file: wp-content/plugins/wpmudev-updates/includes/css/admin.css
2013-08-08 18:50:35: file: wp-content/plugins/wpmudev-updates/includes/css/notifications.css
2013-08-08 18:50:35: file: wp-content/plugins/wpmudev-updates/includes/fonts/fontawesome-webfont.eot
2013-08-08 18:50:35: file: wp-content/plugins/wpmudev-updates/includes/fonts/fontawesome-webfont.svg
2013-08-08 18:50:35: file: wp-content/plugins/wpmudev-updates/includes/fonts/fontawesome-webfont.svgz
2013-08-08 18:50:35: file: wp-content/plugins/wpmudev-updates/includes/fonts/fontawesome-webfont.ttf
2013-08-08 18:50:35: file: wp-content/plugins/wpmudev-updates/includes/fonts/fontawesome-webfont.woff
2013-08-08 18:50:35: file: wp-content/plugins/wpmudev-updates/includes/images/dev-sprite-01.png
2013-08-08 18:50:35: file: wp-content/plugins/wpmudev-updates/includes/images/devdash-menu-icon.png
2013-08-08 18:50:35: file: wp-content/plugins/wpmudev-updates/includes/images/devicon_light.png
2013-08-08 18:50:35: file: wp-content/plugins/wpmudev-updates/includes/images/free-corner-banner.png
2013-08-08 18:50:35: file: wp-content/plugins/wpmudev-updates/includes/images/icon.png
2013-08-08 18:50:35: file: wp-content/plugins/wpmudev-updates/includes/images/loading.gif
2013-08-08 18:50:35: file: wp-content/plugins/wpmudev-updates/includes/images/rep-bagdes.png
2013-08-08 18:50:35: file: wp-content/plugins/wpmudev-updates/includes/images/spinner-dark.gif
2013-08-08 18:50:35: file: wp-content/plugins/wpmudev-updates/includes/images/tag-upgrade.png
2013-08-08 18:50:35: file: wp-content/plugins/wpmudev-updates/includes/images/texture.png
2013-08-08 18:50:35: file: wp-content/plugins/wpmudev-updates/includes/js/community.js
2013-08-08 18:50:35: file: wp-content/plugins/wpmudev-updates/includes/js/dashboard.js
2013-08-08 18:50:35: file: wp-content/plugins/wpmudev-updates/includes/js/doubleSuggest.js
2013-08-08 18:50:35: file: wp-content/plugins/wpmudev-updates/includes/js/jquery.tinysort.min.js
2013-08-08 18:50:35: file: wp-content/plugins/wpmudev-updates/includes/js/listings.js
2013-08-08 18:50:35: file: wp-content/plugins/wpmudev-updates/includes/js/settings.js
2013-08-08 18:50:35: file: wp-content/plugins/wpmudev-updates/includes/js/support.js
2013-08-08 18:50:35: file: wp-content/plugins/wpmudev-updates/includes/js/updates.js
2013-08-08 18:50:35: file: wp-content/plugins/wpmudev-updates/includes/languages/wpmudev-default.po
2013-08-08 18:50:35: file: wp-content/plugins/wpmudev-updates/includes/templates/community.php
2013-08-08 18:50:35: file: wp-content/plugins/wpmudev-updates/includes/templates/dashboard-free.php
2013-08-08 18:50:35: file: wp-content/plugins/wpmudev-updates/includes/templates/dashboard-full.php
2013-08-08 18:50:35: file: wp-content/plugins/wpmudev-updates/includes/templates/dashboard-signup.php
2013-08-08 18:50:35: file: wp-content/plugins/wpmudev-updates/includes/templates/dashboard-single.php
2013-08-08 18:50:35: file: wp-content/plugins/wpmudev-updates/includes/templates/listings.php
2013-08-08 18:50:35: file: wp-content/plugins/wpmudev-updates/includes/templates/settings.php
2013-08-08 18:50:35: file: wp-content/plugins/wpmudev-updates/includes/templates/status.php
2013-08-08 18:50:35: file: wp-content/plugins/wpmudev-updates/includes/templates/support.php
2013-08-08 18:50:35: file: wp-content/plugins/wpmudev-updates/includes/templates/updates.php
2013-08-08 18:50:36: file: section: themes
2013-08-08 18:50:36: file: wp-content/themes/index.php
2013-08-08 18:50:36: file: section: themes/twentythirteen
2013-08-08 18:50:36: file: wp-content/themes/twentythirteen/404.php
2013-08-08 18:50:36: file: wp-content/themes/twentythirteen/archive.php
2013-08-08 18:50:36: file: wp-content/themes/twentythirteen/author-bio.php
2013-08-08 18:50:36: file: wp-content/themes/twentythirteen/author.php
2013-08-08 18:50:36: file: wp-content/themes/twentythirteen/category.php
2013-08-08 18:50:36: file: wp-content/themes/twentythirteen/comments.php
2013-08-08 18:50:36: file: wp-content/themes/twentythirteen/content-aside.php
2013-08-08 18:50:36: file: wp-content/themes/twentythirteen/content-audio.php
2013-08-08 18:50:36: file: wp-content/themes/twentythirteen/content-chat.php
2013-08-08 18:50:36: file: wp-content/themes/twentythirteen/content-gallery.php
2013-08-08 18:50:36: file: wp-content/themes/twentythirteen/content-image.php
2013-08-08 18:50:36: file: wp-content/themes/twentythirteen/content-link.php
2013-08-08 18:50:36: file: wp-content/themes/twentythirteen/content-none.php
2013-08-08 18:50:36: file: wp-content/themes/twentythirteen/content-quote.php
2013-08-08 18:50:36: file: wp-content/themes/twentythirteen/content-status.php
2013-08-08 18:50:36: file: wp-content/themes/twentythirteen/content-video.php
2013-08-08 18:50:36: file: wp-content/themes/twentythirteen/content.php
2013-08-08 18:50:36: file: wp-content/themes/twentythirteen/footer.php
2013-08-08 18:50:36: file: wp-content/themes/twentythirteen/functions.php
2013-08-08 18:50:36: file: wp-content/themes/twentythirteen/header.php
2013-08-08 18:50:36: file: wp-content/themes/twentythirteen/image.php
2013-08-08 18:50:36: file: wp-content/themes/twentythirteen/index.php
2013-08-08 18:50:36: file: wp-content/themes/twentythirteen/page.php
2013-08-08 18:50:36: file: wp-content/themes/twentythirteen/rtl.css
2013-08-08 18:50:36: file: wp-content/themes/twentythirteen/screenshot.png
2013-08-08 18:50:36: file: wp-content/themes/twentythirteen/search.php
2013-08-08 18:50:36: file: wp-content/themes/twentythirteen/sidebar-main.php
2013-08-08 18:50:36: file: wp-content/themes/twentythirteen/sidebar.php
2013-08-08 18:50:36: file: wp-content/themes/twentythirteen/single.php
2013-08-08 18:50:36: file: wp-content/themes/twentythirteen/style.css
2013-08-08 18:50:36: file: wp-content/themes/twentythirteen/tag.php
2013-08-08 18:50:36: file: wp-content/themes/twentythirteen/taxonomy-post_format.php
2013-08-08 18:50:36: file: wp-content/themes/twentythirteen/css/editor-style.css
2013-08-08 18:50:36: file: wp-content/themes/twentythirteen/css/ie.css
2013-08-08 18:50:36: file: wp-content/themes/twentythirteen/fonts/COPYING.txt
2013-08-08 18:50:36: file: wp-content/themes/twentythirteen/fonts/LICENSE.txt
2013-08-08 18:50:36: file: wp-content/themes/twentythirteen/fonts/genericons-regular-webfont.eot
2013-08-08 18:50:36: file: wp-content/themes/twentythirteen/fonts/genericons-regular-webfont.svg
2013-08-08 18:50:36: file: wp-content/themes/twentythirteen/fonts/genericons-regular-webfont.ttf
2013-08-08 18:50:36: file: wp-content/themes/twentythirteen/fonts/genericons-regular-webfont.woff
2013-08-08 18:50:36: file: wp-content/themes/twentythirteen/fonts/genericons.css
2013-08-08 18:50:36: file: wp-content/themes/twentythirteen/images/dotted-line-2x.png
2013-08-08 18:50:36: file: wp-content/themes/twentythirteen/images/dotted-line-light-2x.png
2013-08-08 18:50:36: file: wp-content/themes/twentythirteen/images/dotted-line-light.png
2013-08-08 18:50:36: file: wp-content/themes/twentythirteen/images/dotted-line.png
2013-08-08 18:50:36: file: wp-content/themes/twentythirteen/images/search-icon-2x.png
2013-08-08 18:50:36: file: wp-content/themes/twentythirteen/images/search-icon.png
2013-08-08 18:50:36: file: wp-content/themes/twentythirteen/images/headers/circle-thumbnail.png
2013-08-08 18:50:36: file: wp-content/themes/twentythirteen/images/headers/circle.png
2013-08-08 18:50:36: file: wp-content/themes/twentythirteen/images/headers/diamond-thumbnail.png
2013-08-08 18:50:36: file: wp-content/themes/twentythirteen/images/headers/diamond.png
2013-08-08 18:50:36: file: wp-content/themes/twentythirteen/images/headers/star-thumbnail.png
2013-08-08 18:50:36: file: wp-content/themes/twentythirteen/images/headers/star.png
2013-08-08 18:50:36: file: wp-content/themes/twentythirteen/inc/back-compat.php
2013-08-08 18:50:36: file: wp-content/themes/twentythirteen/inc/custom-header.php
2013-08-08 18:50:36: file: wp-content/themes/twentythirteen/js/functions.js
2013-08-08 18:50:36: file: wp-content/themes/twentythirteen/js/html5.js
2013-08-08 18:50:36: file: wp-content/themes/twentythirteen/js/theme-customizer.js
2013-08-08 18:50:36: file: wp-content/themes/twentythirteen/languages/twentythirteen.pot
2013-08-08 18:50:37: file: section: themes/twentytwelve
2013-08-08 18:50:37: file: wp-content/themes/twentytwelve/404.php
2013-08-08 18:50:37: file: wp-content/themes/twentytwelve/archive.php
2013-08-08 18:50:37: file: wp-content/themes/twentytwelve/author.php
2013-08-08 18:50:37: file: wp-content/themes/twentytwelve/category.php
2013-08-08 18:50:37: file: wp-content/themes/twentytwelve/comments.php
2013-08-08 18:50:37: file: wp-content/themes/twentytwelve/content-aside.php
2013-08-08 18:50:37: file: wp-content/themes/twentytwelve/content-image.php
2013-08-08 18:50:37: file: wp-content/themes/twentytwelve/content-link.php
2013-08-08 18:50:37: file: wp-content/themes/twentytwelve/content-none.php
2013-08-08 18:50:37: file: wp-content/themes/twentytwelve/content-page.php
2013-08-08 18:50:37: file: wp-content/themes/twentytwelve/content-quote.php
2013-08-08 18:50:37: file: wp-content/themes/twentytwelve/content-status.php
2013-08-08 18:50:37: file: wp-content/themes/twentytwelve/content.php
2013-08-08 18:50:37: file: wp-content/themes/twentytwelve/editor-style-rtl.css
2013-08-08 18:50:37: file: wp-content/themes/twentytwelve/editor-style.css
2013-08-08 18:50:37: file: wp-content/themes/twentytwelve/footer.php
2013-08-08 18:50:37: file: wp-content/themes/twentytwelve/functions.php
2013-08-08 18:50:37: file: wp-content/themes/twentytwelve/header.php
2013-08-08 18:50:37: file: wp-content/themes/twentytwelve/image.php
2013-08-08 18:50:37: file: wp-content/themes/twentytwelve/index.php
2013-08-08 18:50:37: file: wp-content/themes/twentytwelve/page.php
2013-08-08 18:50:37: file: wp-content/themes/twentytwelve/rtl.css
2013-08-08 18:50:37: file: wp-content/themes/twentytwelve/screenshot.png
2013-08-08 18:50:37: file: wp-content/themes/twentytwelve/search.php
2013-08-08 18:50:37: file: wp-content/themes/twentytwelve/sidebar-front.php
2013-08-08 18:50:37: file: wp-content/themes/twentytwelve/sidebar.php
2013-08-08 18:50:37: file: wp-content/themes/twentytwelve/single.php
2013-08-08 18:50:37: file: wp-content/themes/twentytwelve/style.css
2013-08-08 18:50:37: file: wp-content/themes/twentytwelve/tag.php
2013-08-08 18:50:37: file: wp-content/themes/twentytwelve/css/ie.css
2013-08-08 18:50:37: file: wp-content/themes/twentytwelve/inc/custom-header.php
2013-08-08 18:50:37: file: wp-content/themes/twentytwelve/js/html5.js
2013-08-08 18:50:37: file: wp-content/themes/twentytwelve/js/navigation.js
2013-08-08 18:50:37: file: wp-content/themes/twentytwelve/js/theme-customizer.js
2013-08-08 18:50:37: file: wp-content/themes/twentytwelve/languages/twentytwelve.pot
2013-08-08 18:50:37: file: wp-content/themes/twentytwelve/page-templates/front-page.php
2013-08-08 18:50:37: file: wp-content/themes/twentytwelve/page-templates/full-width.php
2013-08-08 18:50:38: finish: snapshot-1375987697-130808-184817-898babf6.zip
2013-08-08 18:54:58: Sending Archive: snapshot-1375987697-130808-184817-898babf6.zip 2.58M
2013-08-08 18:54:58: Destination: aws: taldn_site_backup
2013-08-08 18:54:58: Connecting to AWS 
2013-08-08 18:54:58: Using SSL: Yes
2013-08-08 18:54:58: Setting Region: US Standard (s3.amazonaws.com)
2013-08-08 18:54:58: Using Storage: Standard
2013-08-08 18:54:58: Using ACL: private
2013-08-08 18:54:58: Sending file to: Bucket: taldn_site_backup: Directory: wordpress/
2013-08-08 18:54:58: Send file success: snapshot-1375987697-130808-184817-898babf6.zip
